Started at Mon Nov 23 17:18:53 UTC 2020
Processing CI
Offering CI to Project Build Discarder
Processing CodePull
Offering CodePull to Project Build Discarder
Processing Job1
Offering Job1 to Project Build Discarder
Processing test
Offering test to Project Build Discarder
Finished at Mon Nov 23 17:18:53 UTC 2020. 12ms
Started at Mon Nov 23 18:18:53 UTC 2020
Processing CI
Offering CI to Project Build Discarder
Processing CodePull
Offering CodePull to Project Build Discarder
Processing Job1
Offering Job1 to Project Build Discarder
Processing Pipeline1
Offering Pipeline1 to Project Build Discarder
Processing test
Offering test to Project Build Discarder
Finished at Mon Nov 23 18:18:53 UTC 2020. 3ms
