2020-10-30T17:28:52.796Z [jfrou] [INFO ] [                ] [server.go:577                 ] [main                ] - Preparing server internal &{Address:localhost:8046 TLS:<nil> Redirect:<nil> Auth:<nil> WhitelistSourceRange:[] WhiteList:<nil> Compress:false ProxyProtocol:<nil> ForwardedHeaders:0xc000679800} with readTimeout=0s writeTimeout=0s idleTimeout=3m0s
2020-10-30T17:28:52.796Z [jfrou] [INFO ] [                ] [server.go:577                 ] [main                ] - Preparing server api &{Address:localhost:8049 TLS:<nil> Redirect:<nil> Auth:<nil> WhitelistSourceRange:[] WhiteList:<nil> Compress:false ProxyProtocol:<nil> ForwardedHeaders:0xc000679820} with readTimeout=0s writeTimeout=0s idleTimeout=3m0s
2020-10-30T17:28:52.797Z [jfrou] [INFO ] [                ] [server.go:577                 ] [main                ] - Preparing server external &{Address::8082 TLS:<nil> Redirect:<nil> Auth:<nil> WhitelistSourceRange:[] WhiteList:<nil> Compress:false ProxyProtocol:<nil> ForwardedHeaders:0xc000679840} with readTimeout=0s writeTimeout=0s idleTimeout=3m0s
2020-10-30T17:28:52.797Z [jfrou] [INFO ] [                ] [server.go:423                 ] [main                ] - Starting provider configuration.ProviderAggregator {}
2020-10-30T17:28:52.797Z [jfrou] [INFO ] [                ] [server.go:533                 ] [main                ] - Starting server on localhost:8046
2020-10-30T17:28:52.797Z [jfrou] [INFO ] [                ] [server.go:533                 ] [main                ] - Starting server on localhost:8049
2020-10-30T17:28:52.798Z [jfrou] [INFO ] [                ] [server.go:533                 ] [main                ] - Starting server on :8082
2020-10-30T17:28:52.798Z [jfrou] [INFO ] [                ] [provider_aggregator.go:103    ] [main                ] - Starting provider *file.Provider {"Watch":true,"Filename":"","Constraints":null,"Trace":false,"TemplateVersion":0,"DebugLogGeneratedTemplate":false,"Directory":"/opt/jfrog/artifactory/var/data/router/traefik/routes","TraefikFile":""}
2020-10-30T17:28:52.804Z [jfrou] [INFO ] [                ] [server_configuration.go:61    ] [main                ] - Server configuration reloaded on localhost:8046
2020-10-30T17:28:52.804Z [jfrou] [INFO ] [                ] [server_configuration.go:61    ] [main                ] - Server configuration reloaded on localhost:8049
2020-10-30T17:28:52.805Z [jfrou] [INFO ] [                ] [server_configuration.go:61    ] [main                ] - Server configuration reloaded on :8082
2020-10-30T17:28:54.800Z [jfrou] [INFO ] [                ] [server_configuration.go:61    ] [main                ] - Server configuration reloaded on localhost:8049
2020-10-30T17:28:54.800Z [jfrou] [INFO ] [                ] [server_configuration.go:61    ] [main                ] - Server configuration reloaded on :8082
2020-10-30T17:28:54.800Z [jfrou] [INFO ] [                ] [server_configuration.go:61    ] [main                ] - Server configuration reloaded on localhost:8046
2020-10-30T17:28:59.253Z [jfrou] [INFO ] [                ] [server_configuration.go:61    ] [main                ] - Server configuration reloaded on localhost:8049
2020-10-30T17:28:59.253Z [jfrou] [INFO ] [                ] [server_configuration.go:61    ] [main                ] - Server configuration reloaded on :8082
2020-10-30T17:28:59.253Z [jfrou] [INFO ] [                ] [server_configuration.go:61    ] [main                ] - Server configuration reloaded on localhost:8046
2020-10-30T17:29:01.256Z [jfrou] [INFO ] [                ] [server_configuration.go:61    ] [main                ] - Server configuration reloaded on localhost:8049
2020-10-30T17:29:01.256Z [jfrou] [INFO ] [                ] [server_configuration.go:61    ] [main                ] - Server configuration reloaded on :8082
2020-10-30T17:29:01.256Z [jfrou] [INFO ] [                ] [server_configuration.go:61    ] [main                ] - Server configuration reloaded on localhost:8046
2020-10-30T17:29:06.552Z [jfrou] [INFO ] [                ] [server_configuration.go:61    ] [main                ] - Server configuration reloaded on localhost:8046
2020-10-30T17:29:06.552Z [jfrou] [INFO ] [                ] [server_configuration.go:61    ] [main                ] - Server configuration reloaded on localhost:8049
2020-10-30T17:29:06.552Z [jfrou] [INFO ] [                ] [server_configuration.go:61    ] [main                ] - Server configuration reloaded on :8082
2020-10-30T17:29:21.685Z [jfrou] [INFO ] [                ] [server_configuration.go:61    ] [main                ] - Server configuration reloaded on :8082
2020-10-30T17:29:21.686Z [jfrou] [INFO ] [                ] [server_configuration.go:61    ] [main                ] - Server configuration reloaded on localhost:8046
2020-10-30T17:29:21.686Z [jfrou] [INFO ] [                ] [server_configuration.go:61    ] [main                ] - Server configuration reloaded on localhost:8049
2020-10-30T17:29:32.852Z [jfrou] [INFO ] [                ] [server_configuration.go:61    ] [main                ] - Server configuration reloaded on localhost:8046
2020-10-30T17:29:32.852Z [jfrou] [INFO ] [                ] [server_configuration.go:61    ] [main                ] - Server configuration reloaded on localhost:8049
2020-10-30T17:29:32.852Z [jfrou] [INFO ] [                ] [server_configuration.go:61    ] [main                ] - Server configuration reloaded on :8082
2020-10-30T17:29:34.862Z [jfrou] [INFO ] [                ] [server_configuration.go:61    ] [main                ] - Server configuration reloaded on localhost:8046
2020-10-30T17:29:34.862Z [jfrou] [INFO ] [                ] [server_configuration.go:61    ] [main                ] - Server configuration reloaded on localhost:8049
2020-10-30T17:29:34.862Z [jfrou] [INFO ] [                ] [server_configuration.go:61    ] [main                ] - Server configuration reloaded on :8082
2020-11-04T16:43:04.657Z [jfrou] [INFO ] [                ] [server.go:577                 ] [main                ] - Preparing server api &{Address:localhost:8049 TLS:<nil> Redirect:<nil> Auth:<nil> WhitelistSourceRange:[] WhiteList:<nil> Compress:false ProxyProtocol:<nil> ForwardedHeaders:0xc0008aaae0} with readTimeout=0s writeTimeout=0s idleTimeout=3m0s
2020-11-04T16:43:04.664Z [jfrou] [INFO ] [                ] [server.go:577                 ] [main                ] - Preparing server external &{Address::8082 TLS:<nil> Redirect:<nil> Auth:<nil> WhitelistSourceRange:[] WhiteList:<nil> Compress:false ProxyProtocol:<nil> ForwardedHeaders:0xc0008aab00} with readTimeout=0s writeTimeout=0s idleTimeout=3m0s
2020-11-04T16:43:04.664Z [jfrou] [INFO ] [                ] [server.go:577                 ] [main                ] - Preparing server internal &{Address:localhost:8046 TLS:<nil> Redirect:<nil> Auth:<nil> WhitelistSourceRange:[] WhiteList:<nil> Compress:false ProxyProtocol:<nil> ForwardedHeaders:0xc0008aaac0} with readTimeout=0s writeTimeout=0s idleTimeout=3m0s
2020-11-04T16:43:04.665Z [jfrou] [INFO ] [                ] [server.go:423                 ] [main                ] - Starting provider configuration.ProviderAggregator {}
2020-11-04T16:43:04.665Z [jfrou] [INFO ] [                ] [server.go:533                 ] [main                ] - Starting server on localhost:8049
2020-11-04T16:43:04.665Z [jfrou] [INFO ] [                ] [server.go:533                 ] [main                ] - Starting server on :8082
2020-11-04T16:43:04.665Z [jfrou] [INFO ] [                ] [server.go:533                 ] [main                ] - Starting server on localhost:8046
2020-11-04T16:43:04.668Z [jfrou] [INFO ] [                ] [provider_aggregator.go:103    ] [main                ] - Starting provider *file.Provider {"Watch":true,"Filename":"","Constraints":null,"Trace":false,"TemplateVersion":0,"DebugLogGeneratedTemplate":false,"Directory":"/opt/jfrog/artifactory/var/data/router/traefik/routes","TraefikFile":""}
2020-11-04T16:43:04.688Z [jfrou] [INFO ] [                ] [server_configuration.go:61    ] [main                ] - Server configuration reloaded on localhost:8046
2020-11-04T16:43:04.689Z [jfrou] [INFO ] [                ] [server_configuration.go:61    ] [main                ] - Server configuration reloaded on localhost:8049
2020-11-04T16:43:04.689Z [jfrou] [INFO ] [                ] [server_configuration.go:61    ] [main                ] - Server configuration reloaded on :8082
2020-11-04T16:43:06.689Z [jfrou] [INFO ] [                ] [server_configuration.go:61    ] [main                ] - Server configuration reloaded on localhost:8049
2020-11-04T16:43:06.689Z [jfrou] [INFO ] [                ] [server_configuration.go:61    ] [main                ] - Server configuration reloaded on :8082
2020-11-04T16:43:06.689Z [jfrou] [INFO ] [                ] [server_configuration.go:61    ] [main                ] - Server configuration reloaded on localhost:8046
2020-11-04T16:43:10.000Z [jfrou] [INFO ] [                ] [server_configuration.go:61    ] [main                ] - Server configuration reloaded on localhost:8049
2020-11-04T16:43:10.000Z [jfrou] [INFO ] [                ] [server_configuration.go:61    ] [main                ] - Server configuration reloaded on :8082
2020-11-04T16:43:10.001Z [jfrou] [INFO ] [                ] [server_configuration.go:61    ] [main                ] - Server configuration reloaded on localhost:8046
2020-11-04T16:43:11.984Z [jfrou] [INFO ] [                ] [server_configuration.go:61    ] [main                ] - Server configuration reloaded on :8082
2020-11-04T16:43:11.984Z [jfrou] [INFO ] [                ] [server_configuration.go:61    ] [main                ] - Server configuration reloaded on localhost:8046
2020-11-04T16:43:11.984Z [jfrou] [INFO ] [                ] [server_configuration.go:61    ] [main                ] - Server configuration reloaded on localhost:8049
2020-11-04T16:43:19.223Z [jfrou] [INFO ] [                ] [server_configuration.go:61    ] [main                ] - Server configuration reloaded on localhost:8049
2020-11-04T16:43:19.223Z [jfrou] [INFO ] [                ] [server_configuration.go:61    ] [main                ] - Server configuration reloaded on :8082
2020-11-04T16:43:19.223Z [jfrou] [INFO ] [                ] [server_configuration.go:61    ] [main                ] - Server configuration reloaded on localhost:8046
2020-11-04T16:43:34.960Z [jfrou] [INFO ] [                ] [server_configuration.go:61    ] [main                ] - Server configuration reloaded on localhost:8049
2020-11-04T16:43:34.961Z [jfrou] [INFO ] [                ] [server_configuration.go:61    ] [main                ] - Server configuration reloaded on :8082
2020-11-04T16:43:34.961Z [jfrou] [INFO ] [                ] [server_configuration.go:61    ] [main                ] - Server configuration reloaded on localhost:8046
2020-11-04T16:43:39.835Z [jfrou] [INFO ] [                ] [server_configuration.go:61    ] [main                ] - Server configuration reloaded on :8082
2020-11-04T16:43:39.835Z [jfrou] [INFO ] [                ] [server_configuration.go:61    ] [main                ] - Server configuration reloaded on localhost:8046
2020-11-04T16:43:39.836Z [jfrou] [INFO ] [                ] [server_configuration.go:61    ] [main                ] - Server configuration reloaded on localhost:8049
2020-11-04T16:43:41.838Z [jfrou] [INFO ] [                ] [server_configuration.go:61    ] [main                ] - Server configuration reloaded on localhost:8049
2020-11-04T16:43:41.839Z [jfrou] [INFO ] [                ] [server_configuration.go:61    ] [main                ] - Server configuration reloaded on :8082
2020-11-04T16:43:41.839Z [jfrou] [INFO ] [                ] [server_configuration.go:61    ] [main                ] - Server configuration reloaded on localhost:8046
2020-11-04T18:36:56.094Z [jfrou] [INFO ] [                ] [server_configuration.go:61    ] [main                ] - Server configuration reloaded on localhost:8049
2020-11-04T18:36:56.095Z [jfrou] [INFO ] [                ] [server_configuration.go:61    ] [main                ] - Server configuration reloaded on :8082
2020-11-04T18:36:56.096Z [jfrou] [INFO ] [                ] [server_configuration.go:61    ] [main                ] - Server configuration reloaded on localhost:8046
2020-11-04T18:36:58.086Z [jfrou] [INFO ] [                ] [server_configuration.go:61    ] [main                ] - Server configuration reloaded on :8082
2020-11-04T18:36:58.089Z [jfrou] [INFO ] [                ] [server_configuration.go:61    ] [main                ] - Server configuration reloaded on localhost:8046
2020-11-04T18:36:58.090Z [jfrou] [INFO ] [                ] [server_configuration.go:61    ] [main                ] - Server configuration reloaded on localhost:8049
2020-11-04T18:37:00.088Z [jfrou] [INFO ] [                ] [server_configuration.go:61    ] [main                ] - Server configuration reloaded on localhost:8049
2020-11-04T18:37:00.088Z [jfrou] [INFO ] [                ] [server_configuration.go:61    ] [main                ] - Server configuration reloaded on :8082
2020-11-04T18:37:00.089Z [jfrou] [INFO ] [                ] [server_configuration.go:61    ] [main                ] - Server configuration reloaded on localhost:8046
2020-11-04T18:38:07.871Z [jfrou] [INFO ] [                ] [server.go:577                 ] [main                ] - Preparing server internal &{Address:localhost:8046 TLS:<nil> Redirect:<nil> Auth:<nil> WhitelistSourceRange:[] WhiteList:<nil> Compress:false ProxyProtocol:<nil> ForwardedHeaders:0xc00058f7e0} with readTimeout=0s writeTimeout=0s idleTimeout=3m0s
2020-11-04T18:38:07.873Z [jfrou] [INFO ] [                ] [server.go:577                 ] [main                ] - Preparing server api &{Address:localhost:8049 TLS:<nil> Redirect:<nil> Auth:<nil> WhitelistSourceRange:[] WhiteList:<nil> Compress:false ProxyProtocol:<nil> ForwardedHeaders:0xc00058f800} with readTimeout=0s writeTimeout=0s idleTimeout=3m0s
2020-11-04T18:38:07.874Z [jfrou] [INFO ] [                ] [server.go:533                 ] [main                ] - Starting server on localhost:8046
2020-11-04T18:38:07.877Z [jfrou] [INFO ] [                ] [server.go:577                 ] [main                ] - Preparing server external &{Address::8082 TLS:<nil> Redirect:<nil> Auth:<nil> WhitelistSourceRange:[] WhiteList:<nil> Compress:false ProxyProtocol:<nil> ForwardedHeaders:0xc00058f820} with readTimeout=0s writeTimeout=0s idleTimeout=3m0s
2020-11-04T18:38:07.878Z [jfrou] [INFO ] [                ] [server.go:533                 ] [main                ] - Starting server on localhost:8049
2020-11-04T18:38:07.878Z [jfrou] [INFO ] [                ] [server.go:533                 ] [main                ] - Starting server on :8082
2020-11-04T18:38:07.879Z [jfrou] [INFO ] [                ] [server.go:423                 ] [main                ] - Starting provider configuration.ProviderAggregator {}
2020-11-04T18:38:07.881Z [jfrou] [INFO ] [                ] [provider_aggregator.go:103    ] [main                ] - Starting provider *file.Provider {"Watch":true,"Filename":"","Constraints":null,"Trace":false,"TemplateVersion":0,"DebugLogGeneratedTemplate":false,"Directory":"/opt/jfrog/artifactory/var/data/router/traefik/routes","TraefikFile":""}
2020-11-04T18:38:07.889Z [jfrou] [INFO ] [                ] [server_configuration.go:61    ] [main                ] - Server configuration reloaded on localhost:8046
2020-11-04T18:38:07.889Z [jfrou] [INFO ] [                ] [server_configuration.go:61    ] [main                ] - Server configuration reloaded on localhost:8049
2020-11-04T18:38:07.891Z [jfrou] [INFO ] [                ] [server_configuration.go:61    ] [main                ] - Server configuration reloaded on :8082
2020-11-04T18:38:09.888Z [jfrou] [INFO ] [                ] [server_configuration.go:61    ] [main                ] - Server configuration reloaded on localhost:8049
2020-11-04T18:38:09.888Z [jfrou] [INFO ] [                ] [server_configuration.go:61    ] [main                ] - Server configuration reloaded on :8082
2020-11-04T18:38:09.888Z [jfrou] [INFO ] [                ] [server_configuration.go:61    ] [main                ] - Server configuration reloaded on localhost:8046
2020-11-04T18:38:13.331Z [jfrou] [INFO ] [                ] [server_configuration.go:61    ] [main                ] - Server configuration reloaded on localhost:8046
2020-11-04T18:38:13.331Z [jfrou] [INFO ] [                ] [server_configuration.go:61    ] [main                ] - Server configuration reloaded on localhost:8049
2020-11-04T18:38:13.332Z [jfrou] [INFO ] [                ] [server_configuration.go:61    ] [main                ] - Server configuration reloaded on :8082
2020-11-04T18:38:15.331Z [jfrou] [INFO ] [                ] [server_configuration.go:61    ] [main                ] - Server configuration reloaded on localhost:8046
2020-11-04T18:38:15.332Z [jfrou] [INFO ] [                ] [server_configuration.go:61    ] [main                ] - Server configuration reloaded on localhost:8049
2020-11-04T18:38:15.332Z [jfrou] [INFO ] [                ] [server_configuration.go:61    ] [main                ] - Server configuration reloaded on :8082
2020-11-04T18:38:17.332Z [jfrou] [INFO ] [                ] [server_configuration.go:61    ] [main                ] - Server configuration reloaded on localhost:8046
2020-11-04T18:38:17.332Z [jfrou] [INFO ] [                ] [server_configuration.go:61    ] [main                ] - Server configuration reloaded on localhost:8049
2020-11-04T18:38:17.333Z [jfrou] [INFO ] [                ] [server_configuration.go:61    ] [main                ] - Server configuration reloaded on :8082
2020-11-04T18:38:27.631Z [jfrou] [INFO ] [                ] [server_configuration.go:61    ] [main                ] - Server configuration reloaded on localhost:8046
2020-11-04T18:38:27.631Z [jfrou] [INFO ] [                ] [server_configuration.go:61    ] [main                ] - Server configuration reloaded on localhost:8049
2020-11-04T18:38:27.631Z [jfrou] [INFO ] [                ] [server_configuration.go:61    ] [main                ] - Server configuration reloaded on :8082
2020-11-04T18:38:37.922Z [jfrou] [INFO ] [                ] [server_configuration.go:61    ] [main                ] - Server configuration reloaded on localhost:8046
2020-11-04T18:38:37.922Z [jfrou] [INFO ] [                ] [server_configuration.go:61    ] [main                ] - Server configuration reloaded on localhost:8049
2020-11-04T18:38:37.922Z [jfrou] [INFO ] [                ] [server_configuration.go:61    ] [main                ] - Server configuration reloaded on :8082
2020-11-04T18:38:40.938Z [jfrou] [INFO ] [                ] [server_configuration.go:61    ] [main                ] - Server configuration reloaded on localhost:8046
2020-11-04T18:38:40.938Z [jfrou] [INFO ] [                ] [server_configuration.go:61    ] [main                ] - Server configuration reloaded on localhost:8049
2020-11-04T18:38:40.939Z [jfrou] [INFO ] [                ] [server_configuration.go:61    ] [main                ] - Server configuration reloaded on :8082
2020-11-05T05:51:57.032Z [jfrou] [INFO ] [                ] [server_configuration.go:61    ] [main                ] - Server configuration reloaded on localhost:8049
2020-11-05T05:51:57.033Z [jfrou] [INFO ] [                ] [server_configuration.go:61    ] [main                ] - Server configuration reloaded on :8082
2020-11-05T05:51:57.033Z [jfrou] [INFO ] [                ] [server_configuration.go:61    ] [main                ] - Server configuration reloaded on localhost:8046
2020-11-05T05:52:00.092Z [jfrou] [INFO ] [                ] [server_configuration.go:61    ] [main                ] - Server configuration reloaded on localhost:8046
2020-11-05T05:52:00.092Z [jfrou] [INFO ] [                ] [server_configuration.go:61    ] [main                ] - Server configuration reloaded on localhost:8049
2020-11-05T05:52:00.132Z [jfrou] [INFO ] [                ] [server_configuration.go:61    ] [main                ] - Server configuration reloaded on :8082
2020-11-06T17:18:10.999Z [jfrou] [INFO ] [                ] [server.go:577                 ] [main                ] - Preparing server api &{Address:localhost:8049 TLS:<nil> Redirect:<nil> Auth:<nil> WhitelistSourceRange:[] WhiteList:<nil> Compress:false ProxyProtocol:<nil> ForwardedHeaders:0xc0008c94e0} with readTimeout=0s writeTimeout=0s idleTimeout=3m0s
2020-11-06T17:18:11.011Z [jfrou] [INFO ] [                ] [server.go:577                 ] [main                ] - Preparing server external &{Address::8082 TLS:<nil> Redirect:<nil> Auth:<nil> WhitelistSourceRange:[] WhiteList:<nil> Compress:false ProxyProtocol:<nil> ForwardedHeaders:0xc0008c9500} with readTimeout=0s writeTimeout=0s idleTimeout=3m0s
2020-11-06T17:18:11.012Z [jfrou] [INFO ] [                ] [server.go:577                 ] [main                ] - Preparing server internal &{Address:localhost:8046 TLS:<nil> Redirect:<nil> Auth:<nil> WhitelistSourceRange:[] WhiteList:<nil> Compress:false ProxyProtocol:<nil> ForwardedHeaders:0xc0008c94c0} with readTimeout=0s writeTimeout=0s idleTimeout=3m0s
2020-11-06T17:18:11.013Z [jfrou] [INFO ] [                ] [server.go:533                 ] [main                ] - Starting server on localhost:8049
2020-11-06T17:18:11.014Z [jfrou] [INFO ] [                ] [server.go:423                 ] [main                ] - Starting provider configuration.ProviderAggregator {}
2020-11-06T17:18:11.013Z [jfrou] [INFO ] [                ] [server.go:533                 ] [main                ] - Starting server on localhost:8046
2020-11-06T17:18:11.013Z [jfrou] [INFO ] [                ] [server.go:533                 ] [main                ] - Starting server on :8082
2020-11-06T17:18:11.017Z [jfrou] [INFO ] [                ] [provider_aggregator.go:103    ] [main                ] - Starting provider *file.Provider {"Watch":true,"Filename":"","Constraints":null,"Trace":false,"TemplateVersion":0,"DebugLogGeneratedTemplate":false,"Directory":"/opt/jfrog/artifactory/var/data/router/traefik/routes","TraefikFile":""}
2020-11-06T17:18:11.035Z [jfrou] [INFO ] [                ] [server_configuration.go:61    ] [main                ] - Server configuration reloaded on localhost:8046
2020-11-06T17:18:11.036Z [jfrou] [INFO ] [                ] [server_configuration.go:61    ] [main                ] - Server configuration reloaded on localhost:8049
2020-11-06T17:18:11.036Z [jfrou] [INFO ] [                ] [server_configuration.go:61    ] [main                ] - Server configuration reloaded on :8082
2020-11-06T17:18:13.040Z [jfrou] [INFO ] [                ] [server_configuration.go:61    ] [main                ] - Server configuration reloaded on :8082
2020-11-06T17:18:13.040Z [jfrou] [INFO ] [                ] [server_configuration.go:61    ] [main                ] - Server configuration reloaded on localhost:8046
2020-11-06T17:18:13.040Z [jfrou] [INFO ] [                ] [server_configuration.go:61    ] [main                ] - Server configuration reloaded on localhost:8049
2020-11-06T17:18:17.034Z [jfrou] [INFO ] [                ] [server_configuration.go:61    ] [main                ] - Server configuration reloaded on :8082
2020-11-06T17:18:17.034Z [jfrou] [INFO ] [                ] [server_configuration.go:61    ] [main                ] - Server configuration reloaded on localhost:8046
2020-11-06T17:18:17.035Z [jfrou] [INFO ] [                ] [server_configuration.go:61    ] [main                ] - Server configuration reloaded on localhost:8049
2020-11-06T17:18:19.034Z [jfrou] [INFO ] [                ] [server_configuration.go:61    ] [main                ] - Server configuration reloaded on localhost:8046
2020-11-06T17:18:19.034Z [jfrou] [INFO ] [                ] [server_configuration.go:61    ] [main                ] - Server configuration reloaded on localhost:8049
2020-11-06T17:18:19.035Z [jfrou] [INFO ] [                ] [server_configuration.go:61    ] [main                ] - Server configuration reloaded on :8082
2020-11-06T17:18:21.035Z [jfrou] [INFO ] [                ] [server_configuration.go:61    ] [main                ] - Server configuration reloaded on localhost:8046
2020-11-06T17:18:21.035Z [jfrou] [INFO ] [                ] [server_configuration.go:61    ] [main                ] - Server configuration reloaded on localhost:8049
2020-11-06T17:18:21.036Z [jfrou] [INFO ] [                ] [server_configuration.go:61    ] [main                ] - Server configuration reloaded on :8082
2020-11-06T17:18:29.775Z [jfrou] [INFO ] [                ] [server_configuration.go:61    ] [main                ] - Server configuration reloaded on localhost:8046
2020-11-06T17:18:29.776Z [jfrou] [INFO ] [                ] [server_configuration.go:61    ] [main                ] - Server configuration reloaded on localhost:8049
2020-11-06T17:18:29.777Z [jfrou] [INFO ] [                ] [server_configuration.go:61    ] [main                ] - Server configuration reloaded on :8082
2020-11-06T17:18:41.092Z [jfrou] [INFO ] [                ] [server_configuration.go:61    ] [main                ] - Server configuration reloaded on localhost:8046
2020-11-06T17:18:41.092Z [jfrou] [INFO ] [                ] [server_configuration.go:61    ] [main                ] - Server configuration reloaded on localhost:8049
2020-11-06T17:18:41.092Z [jfrou] [INFO ] [                ] [server_configuration.go:61    ] [main                ] - Server configuration reloaded on :8082
2020-11-06T17:18:44.143Z [jfrou] [INFO ] [                ] [server_configuration.go:61    ] [main                ] - Server configuration reloaded on :8082
2020-11-06T17:18:44.144Z [jfrou] [INFO ] [                ] [server_configuration.go:61    ] [main                ] - Server configuration reloaded on localhost:8046
2020-11-06T17:18:44.145Z [jfrou] [INFO ] [                ] [server_configuration.go:61    ] [main                ] - Server configuration reloaded on localhost:8049
2020-11-09T16:35:13.339Z [jfrou] [INFO ] [                ] [server.go:577                 ] [main                ] - Preparing server external &{Address::8082 TLS:<nil> Redirect:<nil> Auth:<nil> WhitelistSourceRange:[] WhiteList:<nil> Compress:false ProxyProtocol:<nil> ForwardedHeaders:0xc0000f30c0} with readTimeout=0s writeTimeout=0s idleTimeout=3m0s
2020-11-09T16:35:13.341Z [jfrou] [INFO ] [                ] [server.go:577                 ] [main                ] - Preparing server internal &{Address:localhost:8046 TLS:<nil> Redirect:<nil> Auth:<nil> WhitelistSourceRange:[] WhiteList:<nil> Compress:false ProxyProtocol:<nil> ForwardedHeaders:0xc0000f3080} with readTimeout=0s writeTimeout=0s idleTimeout=3m0s
2020-11-09T16:35:13.342Z [jfrou] [INFO ] [                ] [server.go:577                 ] [main                ] - Preparing server api &{Address:localhost:8049 TLS:<nil> Redirect:<nil> Auth:<nil> WhitelistSourceRange:[] WhiteList:<nil> Compress:false ProxyProtocol:<nil> ForwardedHeaders:0xc0000f30a0} with readTimeout=0s writeTimeout=0s idleTimeout=3m0s
2020-11-09T16:35:13.345Z [jfrou] [INFO ] [                ] [server.go:423                 ] [main                ] - Starting provider configuration.ProviderAggregator {}
2020-11-09T16:35:13.359Z [jfrou] [INFO ] [                ] [server.go:533                 ] [main                ] - Starting server on localhost:8046
2020-11-09T16:35:13.360Z [jfrou] [INFO ] [                ] [server.go:533                 ] [main                ] - Starting server on localhost:8049
2020-11-09T16:35:13.359Z [jfrou] [INFO ] [                ] [server.go:533                 ] [main                ] - Starting server on :8082
2020-11-09T16:35:13.363Z [jfrou] [INFO ] [                ] [provider_aggregator.go:103    ] [main                ] - Starting provider *file.Provider {"Watch":true,"Filename":"","Constraints":null,"Trace":false,"TemplateVersion":0,"DebugLogGeneratedTemplate":false,"Directory":"/opt/jfrog/artifactory/var/data/router/traefik/routes","TraefikFile":""}
2020-11-09T16:35:13.373Z [jfrou] [INFO ] [                ] [server_configuration.go:61    ] [main                ] - Server configuration reloaded on localhost:8046
2020-11-09T16:35:13.373Z [jfrou] [INFO ] [                ] [server_configuration.go:61    ] [main                ] - Server configuration reloaded on localhost:8049
2020-11-09T16:35:13.373Z [jfrou] [INFO ] [                ] [server_configuration.go:61    ] [main                ] - Server configuration reloaded on :8082
2020-11-09T16:35:15.454Z [jfrou] [INFO ] [                ] [server_configuration.go:61    ] [main                ] - Server configuration reloaded on localhost:8049
2020-11-09T16:35:15.457Z [jfrou] [INFO ] [                ] [server_configuration.go:61    ] [main                ] - Server configuration reloaded on :8082
2020-11-09T16:35:15.457Z [jfrou] [INFO ] [                ] [server_configuration.go:61    ] [main                ] - Server configuration reloaded on localhost:8046
2020-11-09T16:35:17.451Z [jfrou] [INFO ] [                ] [server_configuration.go:61    ] [main                ] - Server configuration reloaded on localhost:8049
2020-11-09T16:35:17.452Z [jfrou] [INFO ] [                ] [server_configuration.go:61    ] [main                ] - Server configuration reloaded on :8082
2020-11-09T16:35:17.452Z [jfrou] [INFO ] [                ] [server_configuration.go:61    ] [main                ] - Server configuration reloaded on localhost:8046
2020-11-09T16:35:19.454Z [jfrou] [INFO ] [                ] [server_configuration.go:61    ] [main                ] - Server configuration reloaded on localhost:8049
2020-11-09T16:35:19.454Z [jfrou] [INFO ] [                ] [server_configuration.go:61    ] [main                ] - Server configuration reloaded on :8082
2020-11-09T16:35:19.454Z [jfrou] [INFO ] [                ] [server_configuration.go:61    ] [main                ] - Server configuration reloaded on localhost:8046
2020-11-09T16:35:27.382Z [jfrou] [INFO ] [                ] [server_configuration.go:61    ] [main                ] - Server configuration reloaded on localhost:8049
2020-11-09T16:35:27.382Z [jfrou] [INFO ] [                ] [server_configuration.go:61    ] [main                ] - Server configuration reloaded on :8082
2020-11-09T16:35:27.383Z [jfrou] [INFO ] [                ] [server_configuration.go:61    ] [main                ] - Server configuration reloaded on localhost:8046
2020-11-09T16:35:38.398Z [jfrou] [INFO ] [                ] [server_configuration.go:61    ] [main                ] - Server configuration reloaded on localhost:8049
2020-11-09T16:35:38.398Z [jfrou] [INFO ] [                ] [server_configuration.go:61    ] [main                ] - Server configuration reloaded on :8082
2020-11-09T16:35:38.398Z [jfrou] [INFO ] [                ] [server_configuration.go:61    ] [main                ] - Server configuration reloaded on localhost:8046
2020-11-09T16:35:40.436Z [jfrou] [INFO ] [                ] [server_configuration.go:61    ] [main                ] - Server configuration reloaded on localhost:8049
2020-11-09T16:35:40.436Z [jfrou] [INFO ] [                ] [server_configuration.go:61    ] [main                ] - Server configuration reloaded on :8082
2020-11-09T16:35:40.437Z [jfrou] [INFO ] [                ] [server_configuration.go:61    ] [main                ] - Server configuration reloaded on localhost:8046
2020-11-09T16:43:40.126Z [jfrou] [INFO ] [                ] [server_configuration.go:61    ] [main                ] - Server configuration reloaded on localhost:8049
2020-11-09T16:43:40.127Z [jfrou] [INFO ] [                ] [server_configuration.go:61    ] [main                ] - Server configuration reloaded on :8082
2020-11-09T16:43:40.127Z [jfrou] [INFO ] [                ] [server_configuration.go:61    ] [main                ] - Server configuration reloaded on localhost:8046
2020-11-09T16:43:42.227Z [jfrou] [INFO ] [                ] [server_configuration.go:61    ] [main                ] - Server configuration reloaded on localhost:8049
2020-11-09T16:43:42.227Z [jfrou] [INFO ] [                ] [server_configuration.go:61    ] [main                ] - Server configuration reloaded on :8082
2020-11-09T16:43:42.227Z [jfrou] [INFO ] [                ] [server_configuration.go:61    ] [main                ] - Server configuration reloaded on localhost:8046
2020-11-09T16:43:44.228Z [jfrou] [INFO ] [                ] [server_configuration.go:61    ] [main                ] - Server configuration reloaded on localhost:8049
2020-11-09T16:43:44.228Z [jfrou] [INFO ] [                ] [server_configuration.go:61    ] [main                ] - Server configuration reloaded on :8082
2020-11-09T16:43:44.229Z [jfrou] [INFO ] [                ] [server_configuration.go:61    ] [main                ] - Server configuration reloaded on localhost:8046
2020-11-09T18:29:56.913Z [jfrou] [INFO ] [                ] [server.go:577                 ] [main                ] - Preparing server internal &{Address:localhost:8046 TLS:<nil> Redirect:<nil> Auth:<nil> WhitelistSourceRange:[] WhiteList:<nil> Compress:false ProxyProtocol:<nil> ForwardedHeaders:0xc0006fc7a0} with readTimeout=0s writeTimeout=0s idleTimeout=3m0s
2020-11-09T18:29:56.917Z [jfrou] [INFO ] [                ] [server.go:577                 ] [main                ] - Preparing server api &{Address:localhost:8049 TLS:<nil> Redirect:<nil> Auth:<nil> WhitelistSourceRange:[] WhiteList:<nil> Compress:false ProxyProtocol:<nil> ForwardedHeaders:0xc0006fc760} with readTimeout=0s writeTimeout=0s idleTimeout=3m0s
2020-11-09T18:29:56.917Z [jfrou] [INFO ] [                ] [server.go:533                 ] [main                ] - Starting server on localhost:8046
2020-11-09T18:29:56.920Z [jfrou] [INFO ] [                ] [server.go:577                 ] [main                ] - Preparing server external &{Address::8082 TLS:<nil> Redirect:<nil> Auth:<nil> WhitelistSourceRange:[] WhiteList:<nil> Compress:false ProxyProtocol:<nil> ForwardedHeaders:0xc0006fc780} with readTimeout=0s writeTimeout=0s idleTimeout=3m0s
2020-11-09T18:29:56.920Z [jfrou] [INFO ] [                ] [server.go:533                 ] [main                ] - Starting server on localhost:8049
2020-11-09T18:29:56.921Z [jfrou] [INFO ] [                ] [server.go:423                 ] [main                ] - Starting provider configuration.ProviderAggregator {}
2020-11-09T18:29:56.921Z [jfrou] [INFO ] [                ] [server.go:533                 ] [main                ] - Starting server on :8082
2020-11-09T18:29:56.931Z [jfrou] [INFO ] [                ] [provider_aggregator.go:103    ] [main                ] - Starting provider *file.Provider {"Watch":true,"Filename":"","Constraints":null,"Trace":false,"TemplateVersion":0,"DebugLogGeneratedTemplate":false,"Directory":"/opt/jfrog/artifactory/var/data/router/traefik/routes","TraefikFile":""}
2020-11-09T18:29:56.960Z [jfrou] [INFO ] [                ] [server_configuration.go:61    ] [main                ] - Server configuration reloaded on localhost:8049
2020-11-09T18:29:56.961Z [jfrou] [INFO ] [                ] [server_configuration.go:61    ] [main                ] - Server configuration reloaded on :8082
2020-11-09T18:29:56.962Z [jfrou] [INFO ] [                ] [server_configuration.go:61    ] [main                ] - Server configuration reloaded on localhost:8046
2020-11-09T18:29:58.995Z [jfrou] [INFO ] [                ] [server_configuration.go:61    ] [main                ] - Server configuration reloaded on localhost:8046
2020-11-09T18:29:58.995Z [jfrou] [INFO ] [                ] [server_configuration.go:61    ] [main                ] - Server configuration reloaded on localhost:8049
2020-11-09T18:29:58.995Z [jfrou] [INFO ] [                ] [server_configuration.go:61    ] [main                ] - Server configuration reloaded on :8082
2020-11-09T18:30:00.995Z [jfrou] [INFO ] [                ] [server_configuration.go:61    ] [main                ] - Server configuration reloaded on localhost:8046
2020-11-09T18:30:00.996Z [jfrou] [INFO ] [                ] [server_configuration.go:61    ] [main                ] - Server configuration reloaded on localhost:8049
2020-11-09T18:30:00.996Z [jfrou] [INFO ] [                ] [server_configuration.go:61    ] [main                ] - Server configuration reloaded on :8082
2020-11-09T18:30:02.995Z [jfrou] [INFO ] [                ] [server_configuration.go:61    ] [main                ] - Server configuration reloaded on localhost:8046
2020-11-09T18:30:02.995Z [jfrou] [INFO ] [                ] [server_configuration.go:61    ] [main                ] - Server configuration reloaded on localhost:8049
2020-11-09T18:30:02.995Z [jfrou] [INFO ] [                ] [server_configuration.go:61    ] [main                ] - Server configuration reloaded on :8082
2020-11-09T18:30:22.810Z [jfrou] [INFO ] [                ] [server_configuration.go:61    ] [main                ] - Server configuration reloaded on localhost:8049
2020-11-09T18:30:22.824Z [jfrou] [INFO ] [                ] [server_configuration.go:61    ] [main                ] - Server configuration reloaded on :8082
2020-11-09T18:30:22.824Z [jfrou] [INFO ] [                ] [server_configuration.go:61    ] [main                ] - Server configuration reloaded on localhost:8046
2020-11-09T18:30:37.188Z [jfrou] [INFO ] [                ] [server_configuration.go:61    ] [main                ] - Server configuration reloaded on localhost:8049
2020-11-09T18:30:37.189Z [jfrou] [INFO ] [                ] [server_configuration.go:61    ] [main                ] - Server configuration reloaded on :8082
2020-11-09T18:30:37.189Z [jfrou] [INFO ] [                ] [server_configuration.go:61    ] [main                ] - Server configuration reloaded on localhost:8046
2020-11-09T18:30:39.439Z [jfrou] [INFO ] [                ] [server_configuration.go:61    ] [main                ] - Server configuration reloaded on :8082
2020-11-09T18:30:39.440Z [jfrou] [INFO ] [                ] [server_configuration.go:61    ] [main                ] - Server configuration reloaded on localhost:8046
2020-11-09T18:30:39.440Z [jfrou] [INFO ] [                ] [server_configuration.go:61    ] [main                ] - Server configuration reloaded on localhost:8049
2020-11-10T06:22:29.860Z [jfrou] [INFO ] [                ] [server_configuration.go:61    ] [main                ] - Server configuration reloaded on :8082
2020-11-10T06:22:29.988Z [jfrou] [INFO ] [                ] [server_configuration.go:61    ] [main                ] - Server configuration reloaded on localhost:8046
2020-11-10T06:22:29.988Z [jfrou] [INFO ] [                ] [server_configuration.go:61    ] [main                ] - Server configuration reloaded on localhost:8049
2020-11-10T06:22:32.266Z [jfrou] [INFO ] [                ] [server_configuration.go:61    ] [main                ] - Server configuration reloaded on :8082
2020-11-10T06:22:32.266Z [jfrou] [INFO ] [                ] [server_configuration.go:61    ] [main                ] - Server configuration reloaded on localhost:8046
2020-11-10T06:22:32.266Z [jfrou] [INFO ] [                ] [server_configuration.go:61    ] [main                ] - Server configuration reloaded on localhost:8049
2020-11-11T16:14:58.133Z [jfrou] [INFO ] [                ] [server_configuration.go:61    ] [main                ] - Server configuration reloaded on localhost:8046
2020-11-11T16:14:58.142Z [jfrou] [INFO ] [                ] [server_configuration.go:61    ] [main                ] - Server configuration reloaded on localhost:8049
2020-11-11T16:14:58.143Z [jfrou] [INFO ] [                ] [server_configuration.go:61    ] [main                ] - Server configuration reloaded on :8082
2020-11-11T16:15:00.549Z [jfrou] [INFO ] [                ] [server_configuration.go:61    ] [main                ] - Server configuration reloaded on localhost:8046
2020-11-11T16:15:00.549Z [jfrou] [INFO ] [                ] [server_configuration.go:61    ] [main                ] - Server configuration reloaded on localhost:8049
2020-11-11T16:15:00.549Z [jfrou] [INFO ] [                ] [server_configuration.go:61    ] [main                ] - Server configuration reloaded on :8082
2020-11-12T05:51:03.437Z [jfrou] [INFO ] [                ] [server_configuration.go:61    ] [main                ] - Server configuration reloaded on localhost:8049
2020-11-12T05:51:03.482Z [jfrou] [INFO ] [                ] [server_configuration.go:61    ] [main                ] - Server configuration reloaded on :8082
2020-11-12T05:51:03.483Z [jfrou] [INFO ] [                ] [server_configuration.go:61    ] [main                ] - Server configuration reloaded on localhost:8046
2020-11-12T05:51:06.340Z [jfrou] [INFO ] [                ] [server_configuration.go:61    ] [main                ] - Server configuration reloaded on localhost:8046
2020-11-12T05:51:06.340Z [jfrou] [INFO ] [                ] [server_configuration.go:61    ] [main                ] - Server configuration reloaded on localhost:8049
2020-11-12T05:51:06.340Z [jfrou] [INFO ] [                ] [server_configuration.go:61    ] [main                ] - Server configuration reloaded on :8082
2020-11-13T05:49:03.450Z [jfrou] [INFO ] [                ] [server_configuration.go:61    ] [main                ] - Server configuration reloaded on localhost:8046
2020-11-13T05:49:03.450Z [jfrou] [INFO ] [                ] [server_configuration.go:61    ] [main                ] - Server configuration reloaded on localhost:8049
2020-11-13T05:49:03.450Z [jfrou] [INFO ] [                ] [server_configuration.go:61    ] [main                ] - Server configuration reloaded on :8082
2020-11-13T05:49:06.431Z [jfrou] [INFO ] [                ] [server_configuration.go:61    ] [main                ] - Server configuration reloaded on localhost:8046
2020-11-13T05:49:06.431Z [jfrou] [INFO ] [                ] [server_configuration.go:61    ] [main                ] - Server configuration reloaded on localhost:8049
2020-11-13T05:49:06.431Z [jfrou] [INFO ] [                ] [server_configuration.go:61    ] [main                ] - Server configuration reloaded on :8082
2020-11-16T19:09:30.830Z [jfrou] [INFO ] [                ] [server.go:577                 ] [main                ] - Preparing server internal &{Address:localhost:8046 TLS:<nil> Redirect:<nil> Auth:<nil> WhitelistSourceRange:[] WhiteList:<nil> Compress:false ProxyProtocol:<nil> ForwardedHeaders:0xc0006a9c20} with readTimeout=0s writeTimeout=0s idleTimeout=3m0s
2020-11-16T19:09:30.835Z [jfrou] [INFO ] [                ] [server.go:577                 ] [main                ] - Preparing server api &{Address:localhost:8049 TLS:<nil> Redirect:<nil> Auth:<nil> WhitelistSourceRange:[] WhiteList:<nil> Compress:false ProxyProtocol:<nil> ForwardedHeaders:0xc0006a9c40} with readTimeout=0s writeTimeout=0s idleTimeout=3m0s
2020-11-16T19:09:30.837Z [jfrou] [INFO ] [                ] [server.go:533                 ] [main                ] - Starting server on localhost:8046
2020-11-16T19:09:30.837Z [jfrou] [INFO ] [                ] [server.go:577                 ] [main                ] - Preparing server external &{Address::8082 TLS:<nil> Redirect:<nil> Auth:<nil> WhitelistSourceRange:[] WhiteList:<nil> Compress:false ProxyProtocol:<nil> ForwardedHeaders:0xc0006a9c60} with readTimeout=0s writeTimeout=0s idleTimeout=3m0s
2020-11-16T19:09:30.837Z [jfrou] [INFO ] [                ] [server.go:533                 ] [main                ] - Starting server on localhost:8049
2020-11-16T19:09:30.837Z [jfrou] [INFO ] [                ] [server.go:533                 ] [main                ] - Starting server on :8082
2020-11-16T19:09:30.838Z [jfrou] [INFO ] [                ] [server.go:423                 ] [main                ] - Starting provider configuration.ProviderAggregator {}
2020-11-16T19:09:30.839Z [jfrou] [INFO ] [                ] [provider_aggregator.go:103    ] [main                ] - Starting provider *file.Provider {"Watch":true,"Filename":"","Constraints":null,"Trace":false,"TemplateVersion":0,"DebugLogGeneratedTemplate":false,"Directory":"/opt/jfrog/artifactory/var/data/router/traefik/routes","TraefikFile":""}
2020-11-16T19:09:30.848Z [jfrou] [INFO ] [                ] [server_configuration.go:61    ] [main                ] - Server configuration reloaded on localhost:8046
2020-11-16T19:09:30.849Z [jfrou] [INFO ] [                ] [server_configuration.go:61    ] [main                ] - Server configuration reloaded on localhost:8049
2020-11-16T19:09:30.849Z [jfrou] [INFO ] [                ] [server_configuration.go:61    ] [main                ] - Server configuration reloaded on :8082
2020-11-16T19:09:32.848Z [jfrou] [INFO ] [                ] [server_configuration.go:61    ] [main                ] - Server configuration reloaded on localhost:8046
2020-11-16T19:09:32.848Z [jfrou] [INFO ] [                ] [server_configuration.go:61    ] [main                ] - Server configuration reloaded on localhost:8049
2020-11-16T19:09:32.848Z [jfrou] [INFO ] [                ] [server_configuration.go:61    ] [main                ] - Server configuration reloaded on :8082
2020-11-16T19:09:39.280Z [jfrou] [INFO ] [                ] [server_configuration.go:61    ] [main                ] - Server configuration reloaded on localhost:8046
2020-11-16T19:09:39.281Z [jfrou] [INFO ] [                ] [server_configuration.go:61    ] [main                ] - Server configuration reloaded on localhost:8049
2020-11-16T19:09:39.288Z [jfrou] [INFO ] [                ] [server_configuration.go:61    ] [main                ] - Server configuration reloaded on :8082
2020-11-16T19:09:41.278Z [jfrou] [INFO ] [                ] [server_configuration.go:61    ] [main                ] - Server configuration reloaded on localhost:8049
2020-11-16T19:09:41.279Z [jfrou] [INFO ] [                ] [server_configuration.go:61    ] [main                ] - Server configuration reloaded on :8082
2020-11-16T19:09:41.279Z [jfrou] [INFO ] [                ] [server_configuration.go:61    ] [main                ] - Server configuration reloaded on localhost:8046
2020-11-16T19:09:43.528Z [jfrou] [INFO ] [                ] [server_configuration.go:61    ] [main                ] - Server configuration reloaded on localhost:8046
2020-11-16T19:09:43.528Z [jfrou] [INFO ] [                ] [server_configuration.go:61    ] [main                ] - Server configuration reloaded on localhost:8049
2020-11-16T19:09:43.529Z [jfrou] [INFO ] [                ] [server_configuration.go:61    ] [main                ] - Server configuration reloaded on :8082
2020-11-16T19:10:04.938Z [jfrou] [INFO ] [                ] [server_configuration.go:61    ] [main                ] - Server configuration reloaded on localhost:8046
2020-11-16T19:10:04.938Z [jfrou] [INFO ] [                ] [server_configuration.go:61    ] [main                ] - Server configuration reloaded on localhost:8049
2020-11-16T19:10:04.938Z [jfrou] [INFO ] [                ] [server_configuration.go:61    ] [main                ] - Server configuration reloaded on :8082
2020-11-16T19:10:15.947Z [jfrou] [INFO ] [                ] [server_configuration.go:61    ] [main                ] - Server configuration reloaded on localhost:8046
2020-11-16T19:10:15.948Z [jfrou] [INFO ] [                ] [server_configuration.go:61    ] [main                ] - Server configuration reloaded on localhost:8049
2020-11-16T19:10:15.948Z [jfrou] [INFO ] [                ] [server_configuration.go:61    ] [main                ] - Server configuration reloaded on :8082
2020-11-16T19:10:18.897Z [jfrou] [INFO ] [                ] [server_configuration.go:61    ] [main                ] - Server configuration reloaded on localhost:8046
2020-11-16T19:10:18.897Z [jfrou] [INFO ] [                ] [server_configuration.go:61    ] [main                ] - Server configuration reloaded on localhost:8049
2020-11-16T19:10:18.898Z [jfrou] [INFO ] [                ] [server_configuration.go:61    ] [main                ] - Server configuration reloaded on :8082
2020-11-20T17:32:47.130Z [jfrou] [INFO ] [                ] [server.go:577                 ] [main                ] - Preparing server internal &{Address:localhost:8046 TLS:<nil> Redirect:<nil> Auth:<nil> WhitelistSourceRange:[] WhiteList:<nil> Compress:false ProxyProtocol:<nil> ForwardedHeaders:0xc0008462e0} with readTimeout=0s writeTimeout=0s idleTimeout=3m0s
2020-11-20T17:32:47.137Z [jfrou] [INFO ] [                ] [server.go:577                 ] [main                ] - Preparing server api &{Address:localhost:8049 TLS:<nil> Redirect:<nil> Auth:<nil> WhitelistSourceRange:[] WhiteList:<nil> Compress:false ProxyProtocol:<nil> ForwardedHeaders:0xc0008462a0} with readTimeout=0s writeTimeout=0s idleTimeout=3m0s
2020-11-20T17:32:47.137Z [jfrou] [INFO ] [                ] [server.go:533                 ] [main                ] - Starting server on localhost:8046
2020-11-20T17:32:47.138Z [jfrou] [INFO ] [                ] [server.go:577                 ] [main                ] - Preparing server external &{Address::8082 TLS:<nil> Redirect:<nil> Auth:<nil> WhitelistSourceRange:[] WhiteList:<nil> Compress:false ProxyProtocol:<nil> ForwardedHeaders:0xc0008462c0} with readTimeout=0s writeTimeout=0s idleTimeout=3m0s
2020-11-20T17:32:47.139Z [jfrou] [INFO ] [                ] [server.go:533                 ] [main                ] - Starting server on localhost:8049
2020-11-20T17:32:47.139Z [jfrou] [INFO ] [                ] [server.go:533                 ] [main                ] - Starting server on :8082
2020-11-20T17:32:47.139Z [jfrou] [INFO ] [                ] [server.go:423                 ] [main                ] - Starting provider configuration.ProviderAggregator {}
2020-11-20T17:32:47.139Z [jfrou] [INFO ] [                ] [provider_aggregator.go:103    ] [main                ] - Starting provider *file.Provider {"Watch":true,"Filename":"","Constraints":null,"Trace":false,"TemplateVersion":0,"DebugLogGeneratedTemplate":false,"Directory":"/opt/jfrog/artifactory/var/data/router/traefik/routes","TraefikFile":""}
2020-11-20T17:32:47.158Z [jfrou] [INFO ] [                ] [server_configuration.go:61    ] [main                ] - Server configuration reloaded on localhost:8046
2020-11-20T17:32:47.158Z [jfrou] [INFO ] [                ] [server_configuration.go:61    ] [main                ] - Server configuration reloaded on localhost:8049
2020-11-20T17:32:47.158Z [jfrou] [INFO ] [                ] [server_configuration.go:61    ] [main                ] - Server configuration reloaded on :8082
2020-11-20T17:32:49.158Z [jfrou] [INFO ] [                ] [server_configuration.go:61    ] [main                ] - Server configuration reloaded on :8082
2020-11-20T17:32:49.158Z [jfrou] [INFO ] [                ] [server_configuration.go:61    ] [main                ] - Server configuration reloaded on localhost:8046
2020-11-20T17:32:49.158Z [jfrou] [INFO ] [                ] [server_configuration.go:61    ] [main                ] - Server configuration reloaded on localhost:8049
2020-11-20T17:32:51.159Z [jfrou] [INFO ] [                ] [server_configuration.go:61    ] [main                ] - Server configuration reloaded on localhost:8046
2020-11-20T17:32:51.159Z [jfrou] [INFO ] [                ] [server_configuration.go:61    ] [main                ] - Server configuration reloaded on localhost:8049
2020-11-20T17:32:51.159Z [jfrou] [INFO ] [                ] [server_configuration.go:61    ] [main                ] - Server configuration reloaded on :8082
2020-11-20T17:32:53.159Z [jfrou] [INFO ] [                ] [server_configuration.go:61    ] [main                ] - Server configuration reloaded on localhost:8049
2020-11-20T17:32:53.160Z [jfrou] [INFO ] [                ] [server_configuration.go:61    ] [main                ] - Server configuration reloaded on :8082
2020-11-20T17:32:53.160Z [jfrou] [INFO ] [                ] [server_configuration.go:61    ] [main                ] - Server configuration reloaded on localhost:8046
2020-11-20T17:33:04.060Z [jfrou] [INFO ] [                ] [server_configuration.go:61    ] [main                ] - Server configuration reloaded on localhost:8046
2020-11-20T17:33:04.060Z [jfrou] [INFO ] [                ] [server_configuration.go:61    ] [main                ] - Server configuration reloaded on localhost:8049
2020-11-20T17:33:04.061Z [jfrou] [INFO ] [                ] [server_configuration.go:61    ] [main                ] - Server configuration reloaded on :8082
2020-11-20T17:33:12.186Z [jfrou] [INFO ] [                ] [server_configuration.go:61    ] [main                ] - Server configuration reloaded on :8082
2020-11-20T17:33:12.187Z [jfrou] [INFO ] [                ] [server_configuration.go:61    ] [main                ] - Server configuration reloaded on localhost:8046
2020-11-20T17:33:12.187Z [jfrou] [INFO ] [                ] [server_configuration.go:61    ] [main                ] - Server configuration reloaded on localhost:8049
2020-11-20T17:33:14.199Z [jfrou] [INFO ] [                ] [server_configuration.go:61    ] [main                ] - Server configuration reloaded on :8082
2020-11-20T17:33:14.199Z [jfrou] [INFO ] [                ] [server_configuration.go:61    ] [main                ] - Server configuration reloaded on localhost:8046
2020-11-20T17:33:14.199Z [jfrou] [INFO ] [                ] [server_configuration.go:61    ] [main                ] - Server configuration reloaded on localhost:8049
2020-11-20T17:39:52.807Z [jfrou] [INFO ] [                ] [server_configuration.go:61    ] [main                ] - Server configuration reloaded on localhost:8046
2020-11-20T17:39:52.807Z [jfrou] [INFO ] [                ] [server_configuration.go:61    ] [main                ] - Server configuration reloaded on localhost:8049
2020-11-20T17:39:52.807Z [jfrou] [INFO ] [                ] [server_configuration.go:61    ] [main                ] - Server configuration reloaded on :8082
2020-11-20T17:39:54.846Z [jfrou] [INFO ] [                ] [server_configuration.go:61    ] [main                ] - Server configuration reloaded on localhost:8046
2020-11-20T17:39:54.848Z [jfrou] [INFO ] [                ] [server_configuration.go:61    ] [main                ] - Server configuration reloaded on localhost:8049
2020-11-20T17:39:54.848Z [jfrou] [INFO ] [                ] [server_configuration.go:61    ] [main                ] - Server configuration reloaded on :8082
2020-11-20T17:39:57.398Z [jfrou] [INFO ] [                ] [server_configuration.go:61    ] [main                ] - Server configuration reloaded on localhost:8046
2020-11-20T17:39:57.398Z [jfrou] [INFO ] [                ] [server_configuration.go:61    ] [main                ] - Server configuration reloaded on localhost:8049
2020-11-20T17:39:57.398Z [jfrou] [INFO ] [                ] [server_configuration.go:61    ] [main                ] - Server configuration reloaded on :8082
2020-11-20T18:16:51.042Z [jfrou] [INFO ] [                ] [server.go:577                 ] [main                ] - Preparing server api &{Address:localhost:8049 TLS:<nil> Redirect:<nil> Auth:<nil> WhitelistSourceRange:[] WhiteList:<nil> Compress:false ProxyProtocol:<nil> ForwardedHeaders:0xc000915e20} with readTimeout=0s writeTimeout=0s idleTimeout=3m0s
2020-11-20T18:16:51.056Z [jfrou] [INFO ] [                ] [server.go:577                 ] [main                ] - Preparing server external &{Address::8082 TLS:<nil> Redirect:<nil> Auth:<nil> WhitelistSourceRange:[] WhiteList:<nil> Compress:false ProxyProtocol:<nil> ForwardedHeaders:0xc000915e40} with readTimeout=0s writeTimeout=0s idleTimeout=3m0s
2020-11-20T18:16:51.057Z [jfrou] [INFO ] [                ] [server.go:577                 ] [main                ] - Preparing server internal &{Address:localhost:8046 TLS:<nil> Redirect:<nil> Auth:<nil> WhitelistSourceRange:[] WhiteList:<nil> Compress:false ProxyProtocol:<nil> ForwardedHeaders:0xc000915e00} with readTimeout=0s writeTimeout=0s idleTimeout=3m0s
2020-11-20T18:16:51.056Z [jfrou] [INFO ] [                ] [server.go:533                 ] [main                ] - Starting server on localhost:8049
2020-11-20T18:16:51.057Z [jfrou] [INFO ] [                ] [server.go:533                 ] [main                ] - Starting server on :8082
2020-11-20T18:16:51.059Z [jfrou] [INFO ] [                ] [server.go:423                 ] [main                ] - Starting provider configuration.ProviderAggregator {}
2020-11-20T18:16:51.060Z [jfrou] [INFO ] [                ] [server.go:533                 ] [main                ] - Starting server on localhost:8046
2020-11-20T18:16:51.069Z [jfrou] [INFO ] [                ] [provider_aggregator.go:103    ] [main                ] - Starting provider *file.Provider {"Watch":true,"Filename":"","Constraints":null,"Trace":false,"TemplateVersion":0,"DebugLogGeneratedTemplate":false,"Directory":"/opt/jfrog/artifactory/var/data/router/traefik/routes","TraefikFile":""}
2020-11-20T18:16:51.073Z [jfrou] [INFO ] [                ] [server_configuration.go:61    ] [main                ] - Server configuration reloaded on localhost:8046
2020-11-20T18:16:51.074Z [jfrou] [INFO ] [                ] [server_configuration.go:61    ] [main                ] - Server configuration reloaded on localhost:8049
2020-11-20T18:16:51.075Z [jfrou] [INFO ] [                ] [server_configuration.go:61    ] [main                ] - Server configuration reloaded on :8082
2020-11-20T18:16:53.074Z [jfrou] [INFO ] [                ] [server_configuration.go:61    ] [main                ] - Server configuration reloaded on localhost:8046
2020-11-20T18:16:53.074Z [jfrou] [INFO ] [                ] [server_configuration.go:61    ] [main                ] - Server configuration reloaded on localhost:8049
2020-11-20T18:16:53.074Z [jfrou] [INFO ] [                ] [server_configuration.go:61    ] [main                ] - Server configuration reloaded on :8082
2020-11-20T18:17:02.775Z [jfrou] [INFO ] [                ] [server_configuration.go:61    ] [main                ] - Server configuration reloaded on :8082
2020-11-20T18:17:02.778Z [jfrou] [INFO ] [                ] [server_configuration.go:61    ] [main                ] - Server configuration reloaded on localhost:8046
2020-11-20T18:17:02.778Z [jfrou] [INFO ] [                ] [server_configuration.go:61    ] [main                ] - Server configuration reloaded on localhost:8049
2020-11-20T18:17:04.776Z [jfrou] [INFO ] [                ] [server_configuration.go:61    ] [main                ] - Server configuration reloaded on localhost:8046
2020-11-20T18:17:04.776Z [jfrou] [INFO ] [                ] [server_configuration.go:61    ] [main                ] - Server configuration reloaded on localhost:8049
2020-11-20T18:17:04.776Z [jfrou] [INFO ] [                ] [server_configuration.go:61    ] [main                ] - Server configuration reloaded on :8082
2020-11-20T18:17:06.778Z [jfrou] [INFO ] [                ] [server_configuration.go:61    ] [main                ] - Server configuration reloaded on localhost:8049
2020-11-20T18:17:06.778Z [jfrou] [INFO ] [                ] [server_configuration.go:61    ] [main                ] - Server configuration reloaded on :8082
2020-11-20T18:17:06.778Z [jfrou] [INFO ] [                ] [server_configuration.go:61    ] [main                ] - Server configuration reloaded on localhost:8046
2020-11-20T18:17:14.089Z [jfrou] [INFO ] [                ] [server_configuration.go:61    ] [main                ] - Server configuration reloaded on localhost:8046
2020-11-20T18:17:14.090Z [jfrou] [INFO ] [                ] [server_configuration.go:61    ] [main                ] - Server configuration reloaded on localhost:8049
2020-11-20T18:17:14.090Z [jfrou] [INFO ] [                ] [server_configuration.go:61    ] [main                ] - Server configuration reloaded on :8082
2020-11-20T18:17:21.108Z [jfrou] [INFO ] [                ] [server_configuration.go:61    ] [main                ] - Server configuration reloaded on :8082
2020-11-20T18:17:21.110Z [jfrou] [INFO ] [                ] [server_configuration.go:61    ] [main                ] - Server configuration reloaded on localhost:8046
2020-11-20T18:17:21.110Z [jfrou] [INFO ] [                ] [server_configuration.go:61    ] [main                ] - Server configuration reloaded on localhost:8049
2020-11-20T18:17:24.124Z [jfrou] [INFO ] [                ] [server_configuration.go:61    ] [main                ] - Server configuration reloaded on localhost:8049
2020-11-20T18:17:24.125Z [jfrou] [INFO ] [                ] [server_configuration.go:61    ] [main                ] - Server configuration reloaded on :8082
2020-11-20T18:17:24.125Z [jfrou] [INFO ] [                ] [server_configuration.go:61    ] [main                ] - Server configuration reloaded on localhost:8046
2020-11-20T18:17:59.732Z [jfrou] [INFO ] [                ] [server_configuration.go:61    ] [main                ] - Server configuration reloaded on localhost:8046
2020-11-20T18:17:59.733Z [jfrou] [INFO ] [                ] [server_configuration.go:61    ] [main                ] - Server configuration reloaded on localhost:8049
2020-11-20T18:17:59.734Z [jfrou] [INFO ] [                ] [server_configuration.go:61    ] [main                ] - Server configuration reloaded on :8082
2020-11-20T18:18:01.757Z [jfrou] [INFO ] [                ] [server_configuration.go:61    ] [main                ] - Server configuration reloaded on localhost:8046
2020-11-20T18:18:01.757Z [jfrou] [INFO ] [                ] [server_configuration.go:61    ] [main                ] - Server configuration reloaded on localhost:8049
2020-11-20T18:18:01.758Z [jfrou] [INFO ] [                ] [server_configuration.go:61    ] [main                ] - Server configuration reloaded on :8082
2020-11-20T18:18:03.754Z [jfrou] [INFO ] [                ] [server_configuration.go:61    ] [main                ] - Server configuration reloaded on :8082
2020-11-20T18:18:03.754Z [jfrou] [INFO ] [                ] [server_configuration.go:61    ] [main                ] - Server configuration reloaded on localhost:8046
2020-11-20T18:18:03.754Z [jfrou] [INFO ] [                ] [server_configuration.go:61    ] [main                ] - Server configuration reloaded on localhost:8049
2020-11-20T18:23:10.534Z [jfrou] [INFO ] [                ] [server.go:577                 ] [main                ] - Preparing server external &{Address::8082 TLS:<nil> Redirect:<nil> Auth:<nil> WhitelistSourceRange:[] WhiteList:<nil> Compress:false ProxyProtocol:<nil> ForwardedHeaders:0xc0008c5460} with readTimeout=0s writeTimeout=0s idleTimeout=3m0s
2020-11-20T18:23:10.537Z [jfrou] [INFO ] [                ] [server.go:577                 ] [main                ] - Preparing server internal &{Address:localhost:8046 TLS:<nil> Redirect:<nil> Auth:<nil> WhitelistSourceRange:[] WhiteList:<nil> Compress:false ProxyProtocol:<nil> ForwardedHeaders:0xc0008c5420} with readTimeout=0s writeTimeout=0s idleTimeout=3m0s
2020-11-20T18:23:10.538Z [jfrou] [INFO ] [                ] [server.go:577                 ] [main                ] - Preparing server api &{Address:localhost:8049 TLS:<nil> Redirect:<nil> Auth:<nil> WhitelistSourceRange:[] WhiteList:<nil> Compress:false ProxyProtocol:<nil> ForwardedHeaders:0xc0008c5440} with readTimeout=0s writeTimeout=0s idleTimeout=3m0s
2020-11-20T18:23:10.549Z [jfrou] [INFO ] [                ] [server.go:533                 ] [main                ] - Starting server on :8082
2020-11-20T18:23:10.550Z [jfrou] [INFO ] [                ] [server.go:533                 ] [main                ] - Starting server on localhost:8046
2020-11-20T18:23:10.563Z [jfrou] [INFO ] [                ] [server.go:533                 ] [main                ] - Starting server on localhost:8049
2020-11-20T18:23:10.563Z [jfrou] [INFO ] [                ] [server.go:423                 ] [main                ] - Starting provider configuration.ProviderAggregator {}
2020-11-20T18:23:10.571Z [jfrou] [INFO ] [                ] [provider_aggregator.go:103    ] [main                ] - Starting provider *file.Provider {"Watch":true,"Filename":"","Constraints":null,"Trace":false,"TemplateVersion":0,"DebugLogGeneratedTemplate":false,"Directory":"/opt/jfrog/artifactory/var/data/router/traefik/routes","TraefikFile":""}
2020-11-20T18:23:10.593Z [jfrou] [INFO ] [                ] [server_configuration.go:61    ] [main                ] - Server configuration reloaded on :8082
2020-11-20T18:23:10.593Z [jfrou] [INFO ] [                ] [server_configuration.go:61    ] [main                ] - Server configuration reloaded on localhost:8046
2020-11-20T18:23:10.593Z [jfrou] [INFO ] [                ] [server_configuration.go:61    ] [main                ] - Server configuration reloaded on localhost:8049
2020-11-20T18:23:12.593Z [jfrou] [INFO ] [                ] [server_configuration.go:61    ] [main                ] - Server configuration reloaded on :8082
2020-11-20T18:23:12.594Z [jfrou] [INFO ] [                ] [server_configuration.go:61    ] [main                ] - Server configuration reloaded on localhost:8046
2020-11-20T18:23:12.594Z [jfrou] [INFO ] [                ] [server_configuration.go:61    ] [main                ] - Server configuration reloaded on localhost:8049
2020-11-20T18:23:22.969Z [jfrou] [INFO ] [                ] [server_configuration.go:61    ] [main                ] - Server configuration reloaded on localhost:8046
2020-11-20T18:23:22.976Z [jfrou] [INFO ] [                ] [server_configuration.go:61    ] [main                ] - Server configuration reloaded on localhost:8049
2020-11-20T18:23:22.977Z [jfrou] [INFO ] [                ] [server_configuration.go:61    ] [main                ] - Server configuration reloaded on :8082
2020-11-20T18:23:24.974Z [jfrou] [INFO ] [                ] [server_configuration.go:61    ] [main                ] - Server configuration reloaded on localhost:8049
2020-11-20T18:23:24.974Z [jfrou] [INFO ] [                ] [server_configuration.go:61    ] [main                ] - Server configuration reloaded on :8082
2020-11-20T18:23:24.974Z [jfrou] [INFO ] [                ] [server_configuration.go:61    ] [main                ] - Server configuration reloaded on localhost:8046
2020-11-20T18:23:27.796Z [jfrou] [INFO ] [                ] [server_configuration.go:61    ] [main                ] - Server configuration reloaded on :8082
2020-11-20T18:23:27.797Z [jfrou] [INFO ] [                ] [server_configuration.go:61    ] [main                ] - Server configuration reloaded on localhost:8046
2020-11-20T18:23:27.797Z [jfrou] [INFO ] [                ] [server_configuration.go:61    ] [main                ] - Server configuration reloaded on localhost:8049
2020-11-20T18:23:43.971Z [jfrou] [INFO ] [                ] [server_configuration.go:61    ] [main                ] - Server configuration reloaded on localhost:8046
2020-11-20T18:23:43.973Z [jfrou] [INFO ] [                ] [server_configuration.go:61    ] [main                ] - Server configuration reloaded on localhost:8049
2020-11-20T18:23:43.974Z [jfrou] [INFO ] [                ] [server_configuration.go:61    ] [main                ] - Server configuration reloaded on :8082
2020-11-20T18:23:55.669Z [jfrou] [INFO ] [                ] [server_configuration.go:61    ] [main                ] - Server configuration reloaded on localhost:8049
2020-11-20T18:23:55.674Z [jfrou] [INFO ] [                ] [server_configuration.go:61    ] [main                ] - Server configuration reloaded on :8082
2020-11-20T18:23:55.674Z [jfrou] [INFO ] [                ] [server_configuration.go:61    ] [main                ] - Server configuration reloaded on localhost:8046
2020-11-20T18:23:58.714Z [jfrou] [INFO ] [                ] [server_configuration.go:61    ] [main                ] - Server configuration reloaded on :8082
2020-11-20T18:23:58.715Z [jfrou] [INFO ] [                ] [server_configuration.go:61    ] [main                ] - Server configuration reloaded on localhost:8046
2020-11-20T18:23:58.715Z [jfrou] [INFO ] [                ] [server_configuration.go:61    ] [main                ] - Server configuration reloaded on localhost:8049
2020-11-20T18:35:09.644Z [jfrou] [INFO ] [                ] [server_configuration.go:61    ] [main                ] - Server configuration reloaded on :8082
2020-11-20T18:35:09.650Z [jfrou] [INFO ] [                ] [server_configuration.go:61    ] [main                ] - Server configuration reloaded on localhost:8046
2020-11-20T18:35:09.650Z [jfrou] [INFO ] [                ] [server_configuration.go:61    ] [main                ] - Server configuration reloaded on localhost:8049
2020-11-20T18:35:11.619Z [jfrou] [INFO ] [                ] [server_configuration.go:61    ] [main                ] - Server configuration reloaded on :8082
2020-11-20T18:35:11.620Z [jfrou] [INFO ] [                ] [server_configuration.go:61    ] [main                ] - Server configuration reloaded on localhost:8046
2020-11-20T18:35:11.620Z [jfrou] [INFO ] [                ] [server_configuration.go:61    ] [main                ] - Server configuration reloaded on localhost:8049
