2020-11-20T18:02:51.411Z [36m[jfrou][0m [34m[INFO ][0m [5301b5d99ed41860] [bootstrap.go:71               ] [main                ] - Router (jfrou) service initialization started. Version: 1.4.2 Revision: 04f9b835bcb908f9bb8d4743e64903e077f5b1ad PID: 3948 Home: /opt/jfrog/artifactory
2020-11-20T18:02:51.412Z [36m[jfrou][0m [34m[INFO ][0m [5301b5d99ed41860] [bootstrap.go:74               ] [main                ] - JFrog Router IP: 172.23.0.2
[DEBUG] Resolved system configuration file path: /opt/jfrog/artifactory/var/etc/system.yaml
[TRACE] Config key not set for aws secret (metadata.database.secretsManagerAlias)
NOTE: Picked up JDK_JAVA_OPTIONS:  --add-opens=java.base/java.lang=ALL-UNNAMED --add-opens=java.base/java.io=ALL-UNNAMED --add-opens=java.rmi/sun.rmi.transport=ALL-UNNAMED
2020-11-20T18:02:55.575Z [33m[jffe ][39m [34m[INFO ][39m [                ] [                              ] [main                ] - frontend (jffe) service initialization started. Version: 1.10.2 Revision: 10000002 PID: 4247 Home: /opt/jfrog/artifactory
2020-11-20T18:02:55.578Z [33m[jffe ][39m [34m[INFO ][39m [                ] [                              ] [main                ] - attempting pinging artifactory for 180 retires and 1.0s interval for total of 3 minutes
2020-11-20T18:02:56.424Z [36m[jfrou][0m [34m[INFO ][0m [5301b5d99ed41860] [security_keys.go:114          ] [main                ] - Master key is missing. Pending for 5 seconds with 2m0s timeout
2020-11-20T18:02:56.415L [35m[tomct][0m [INFO ] [                ] [org.apache.coyote.http11.Http11NioProtocol] [org.apache.coyote.AbstractProtocol init] - Initializing ProtocolHandler ["http-nio-8081"]
2020-11-20T18:02:56.517L [35m[tomct][0m [INFO ] [                ] [org.apache.tomcat.util.net.NioSelectorPool] [org.apache.tomcat.util.net.NioSelectorPool getSharedSelector] - Using a shared selector for servlet write/read
2020-11-20T18:02:56.558L [35m[tomct][0m [INFO ] [                ] [org.apache.coyote.http11.Http11NioProtocol] [org.apache.coyote.AbstractProtocol init] - Initializing ProtocolHandler ["http-nio-127.0.0.1-8091"]
2020-11-20T18:02:56.565L [35m[tomct][0m [INFO ] [                ] [org.apache.tomcat.util.net.NioSelectorPool] [org.apache.tomcat.util.net.NioSelectorPool getSharedSelector] - Using a shared selector for servlet write/read
2020-11-20T18:02:56.568L [35m[tomct][0m [INFO ] [                ] [org.apache.coyote.http11.Http11NioProtocol] [org.apache.coyote.AbstractProtocol init] - Initializing ProtocolHandler ["http-nio-127.0.0.1-8040"]
2020-11-20T18:02:56.574L [35m[tomct][0m [INFO ] [                ] [org.apache.tomcat.util.net.NioSelectorPool] [org.apache.tomcat.util.net.NioSelectorPool getSharedSelector] - Using a shared selector for servlet write/read
2020-11-20T18:02:56.657L [35m[tomct][0m [INFO ] [                ] [org.apache.catalina.core.StandardService] [org.apache.catalina.core.StandardService startInternal] - Starting service [Catalina]
2020-11-20T18:02:56.658L [35m[tomct][0m [INFO ] [                ] [org.apache.catalina.core.StandardEngine] [org.apache.catalina.core.StandardEngine startInternal] - Starting Servlet Engine: Apache Tomcat/8.5.57
2020-11-20T18:02:56.708Z [34;1m[jfmd ][0m [34m[INFO ][0m [6a5917d916027f2c] [security_keys.go:114          ] [main                ] - Master key is missing. Pending for 5 seconds with 2m0s timeout [init]
2020-11-20T18:02:56.742L [35m[tomct][0m [INFO ] [                ] [org.apache.catalina.startup.HostConfig] [org.apache.catalina.startup.HostConfig deployDescriptor] - Deploying deployment descriptor [/opt/jfrog/artifactory/app/artifactory/tomcat/conf/Catalina/localhost/artifactory.xml]
2020-11-20T18:02:56.745L [35m[tomct][0m [INFO ] [                ] [org.apache.catalina.startup.HostConfig] [org.apache.catalina.startup.HostConfig deployDescriptor] - Deploying deployment descriptor [/opt/jfrog/artifactory/app/artifactory/tomcat/conf/Catalina/localhost/access.xml]
2020-11-20T18:02:57.010L [35m[tomct][0m [WARNING] [                ] [org.apache.catalina.startup.HostConfig] [org.apache.catalina.startup.HostConfig deployDescriptor] - A docBase [/opt/jfrog/artifactory/app/artifactory/tomcat/webapps/artifactory.war] inside the host appBase has been specified, and will be ignored
2020-11-20T18:02:57.012L [35m[tomct][0m [WARNING] [                ] [org.apache.catalina.startup.HostConfig] [org.apache.catalina.startup.HostConfig deployDescriptor] - A docBase [/opt/jfrog/artifactory/app/artifactory/tomcat/webapps/access.war] inside the host appBase has been specified, and will be ignored
2020-11-20T18:03:01.438Z [36m[jfrou][0m [34m[INFO ][0m [5301b5d99ed41860] [security_keys.go:114          ] [main                ] - Master key is missing. Pending for 10 seconds with 2m0s timeout
2020-11-20T18:03:01.724Z [34;1m[jfmd ][0m [34m[INFO ][0m [6a5917d916027f2c] [security_keys.go:114          ] [main                ] - Master key is missing. Pending for 10 seconds with 2m0s timeout [init]
2020-11-20T18:03:04.815Z [33m[jffe ][39m [34m[INFO ][39m [                ] [                              ] [main                ] - pinging artifactory, attempt number 10
2020-11-20T18:03:04.821Z [33m[jffe ][39m [34m[INFO ][39m [                ] [                              ] [main                ] - pinging artifactory attempt number 10 failed with code : ECONNREFUSED
18:03:05.781 [localhost-startStop-2] INFO org.springframework.core.KotlinDetector - Kotlin reflection implementation not found at runtime, related features won't be available.
2020-11-20T18:03:06.171Z [1;32m[jfrt ][0;39m [34m[INFO ][0;39m [ea0689ca243d35b4] [o.a.c.h.HaNodeProperties:68   ] [ocalhost-startStop-1] - Artifactory is running in non-clustered mode.
2020-11-20T18:03:06.221Z [1;32m[jfrt ][0;39m [34m[INFO ][0;39m [ea0689ca243d35b4] [tifactoryHomeConfigListener:70] [ocalhost-startStop-1] - Resolved Home: '/opt/jfrog/artifactory
2020-11-20T18:03:06.443Z [36m[jfrou][0m [34m[INFO ][0m [5301b5d99ed41860] [security_keys.go:114          ] [main                ] - Master key is missing. Pending for 15 seconds with 2m0s timeout
2020-11-20T18:03:06.745Z [34;1m[jfmd ][0m [34m[INFO ][0m [6a5917d916027f2c] [security_keys.go:114          ] [main                ] - Master key is missing. Pending for 15 seconds with 2m0s timeout [init]
2020-11-20T18:03:07.801Z [1;32m[jfrt ][0;39m [34m[INFO ][0;39m [                ] [o.j.c.w.FileWatcher:147       ] [Thread-6            ] - Starting watch of folder configurations
2020-11-20T18:03:08.025Z [1;32m[jfrt ][0;39m [31m[WARN ][0;39m [ea0689ca243d35b4] [c.z.h.u.DriverDataSource:70   ] [ocalhost-startStop-1] - Registered driver with driverClassName=org.apache.derby.jdbc.EmbeddedDriver was not found, trying direct instantiation.
2020-11-20 18:03:11.358  WARN 4363 --- [kground-preinit] o.s.h.c.j.Jackson2ObjectMapperBuilder    : For Jackson Kotlin classes support please add "com.fasterxml.jackson.module:jackson-module-kotlin" to the classpath
2020-11-20T18:03:11.454Z [36m[jfrou][0m [34m[INFO ][0m [5301b5d99ed41860] [security_keys.go:114          ] [main                ] - Master key is missing. Pending for 20 seconds with 2m0s timeout
2020-11-20T18:03:11.747Z [34;1m[jfmd ][0m [34m[INFO ][0m [6a5917d916027f2c] [security_keys.go:114          ] [main                ] - Master key is missing. Pending for 20 seconds with 2m0s timeout [init]
2020-11-20T18:03:11.831Z [1;33m[jfac ][0;39m [34m[INFO ][0;39m [e8e570019188a8ed] [licationContextInitializer:162] [ocalhost-startStop-2] - Access (jfac) service initialization started. Version: 7.10.2 Revision: 71002900 PID: 4363 Home: /opt/jfrog/artifactory
2020-11-20T18:03:11.934Z [1;33m[jfac ][0;39m [34m[INFO ][0;39m [e8e570019188a8ed] [o.j.a.AccessApplication:50    ] [ocalhost-startStop-2] - Starting AccessApplication v7.10.2 on c95907176e07 with PID 4363 (/opt/jfrog/artifactory/app/artifactory/tomcat/webapps/access/WEB-INF/lib/access-application-7.10.2.jar started by artifactory in /var/opt/jfrog/artifactory)
2020-11-20T18:03:11.940Z [1;33m[jfac ][0;39m [34m[INFO ][0;39m [e8e570019188a8ed] [o.j.a.AccessApplication:651   ] [ocalhost-startStop-2] - The following profiles are active: production
2020-11-20T18:03:12.687Z [1;32m[jfrt ][0;39m [34m[INFO ][0;39m [ea0689ca243d35b4] [.BasicConfigurationManager:173] [ocalhost-startStop-1] - Artifactory (jfrt) service initialization started. Version: 7.10.2 Revision: 71002900 PID: 4363 Home: /opt/jfrog/artifactory
2020-11-20T18:03:14.920Z [33m[jffe ][39m [34m[INFO ][39m [                ] [                              ] [main                ] - pinging artifactory, attempt number 20
2020-11-20T18:03:14.924Z [33m[jffe ][39m [34m[INFO ][39m [                ] [                              ] [main                ] - pinging artifactory attempt number 20 failed with code : ECONNREFUSED
2020-11-20T18:03:16.457Z [36m[jfrou][0m [34m[INFO ][0m [5301b5d99ed41860] [security_keys.go:114          ] [main                ] - Master key is missing. Pending for 25 seconds with 2m0s timeout
2020-11-20T18:03:16.751Z [34;1m[jfmd ][0m [34m[INFO ][0m [6a5917d916027f2c] [security_keys.go:114          ] [main                ] - Master key is missing. Pending for 25 seconds with 2m0s timeout [init]
2020-11-20T18:03:17.720Z [1;32m[jfrt ][0;39m [34m[INFO ][0;39m [ea0689ca243d35b4] [o.j.s.c.KeyUtils:108          ] [ocalhost-startStop-1] - Master key is missing. Pending for 5 seconds with 60 seconds timeout
2020-11-20T18:03:21.327Z [1;33m[jfac ][0;39m [31m[WARN ][0;39m [e8e570019188a8ed] [c.z.h.u.DriverDataSource:70   ] [ocalhost-startStop-2] - Registered driver with driverClassName=org.apache.derby.jdbc.EmbeddedDriver was not found, trying direct instantiation.
2020-11-20T18:03:21.409Z [1;33m[jfac ][0;39m [34m[INFO ][0;39m [e8e570019188a8ed] [s.d.u.AccessJdbcHelperImpl:140] [ocalhost-startStop-2] - Database: Apache Derby 10.14.2.0 - (1828579). Driver: Apache Derby Embedded JDBC Driver 10.14.2.0 - (1828579)
2020-11-20T18:03:21.410Z [1;33m[jfac ][0;39m [34m[INFO ][0;39m [e8e570019188a8ed] [s.d.u.AccessJdbcHelperImpl:143] [ocalhost-startStop-2] - Connection URL: jdbc:derby:/opt/jfrog/artifactory/var/data/artifactory/derby
2020-11-20T18:03:21.463Z [36m[jfrou][0m [34m[INFO ][0m [5301b5d99ed41860] [security_keys.go:114          ] [main                ] - Master key is missing. Pending for 30 seconds with 2m0s timeout
2020-11-20T18:03:21.524Z [1;33m[jfac ][0;39m [34m[INFO ][0;39m [e8e570019188a8ed] [s.d.u.AccessJdbcHelperImpl:152] [ocalhost-startStop-2] - ***Creating database schema***
2020-11-20T18:03:21.753Z [34;1m[jfmd ][0m [34m[INFO ][0m [6a5917d916027f2c] [security_keys.go:114          ] [main                ] - Master key is missing. Pending for 30 seconds with 2m0s timeout [init]
2020-11-20T18:03:22.730Z [1;32m[jfrt ][0;39m [34m[INFO ][0;39m [ea0689ca243d35b4] [o.j.s.c.KeyUtils:108          ] [ocalhost-startStop-1] - Master key is missing. Pending for 5 seconds with 60 seconds timeout
2020-11-20T18:03:24.760Z [1;33m[jfac ][0;39m [34m[INFO ][0;39m [e8e570019188a8ed] [s.d.u.AccessJdbcHelperImpl:168] [ocalhost-startStop-2] - Setting new schema baseline to latest version: 4.21
2020-11-20T18:03:25.007Z [33m[jffe ][39m [34m[INFO ][39m [                ] [                              ] [main                ] - pinging artifactory, attempt number 30
2020-11-20T18:03:25.011Z [33m[jffe ][39m [34m[INFO ][39m [                ] [                              ] [main                ] - pinging artifactory attempt number 30 failed with code : ECONNREFUSED
2020-11-20T18:03:26.058Z [1;33m[jfac ][0;39m [34m[INFO ][0;39m [e8e570019188a8ed] [alConfigurationServiceBase:179] [ocalhost-startStop-2] - Configuration data wasn't found in db. Loading defaults
2020-11-20T18:03:26.471Z [36m[jfrou][0m [34m[INFO ][0m [5301b5d99ed41860] [security_keys.go:114          ] [main                ] - Master key is missing. Pending for 35 seconds with 2m0s timeout
2020-11-20T18:03:26.757Z [34;1m[jfmd ][0m [34m[INFO ][0m [6a5917d916027f2c] [security_keys.go:114          ] [main                ] - Master key is missing. Pending for 35 seconds with 2m0s timeout [init]
2020-11-20T18:03:26.778Z [1;33m[jfac ][0;39m [34m[INFO ][0;39m [e8e570019188a8ed] [alConfigurationServiceBase:114] [ocalhost-startStop-2] - Current configurations are the same as the new configurations, no need for an update. No action was taken.
2020-11-20T18:03:27.682Z [1;33m[jfac ][0;39m [34m[INFO ][0;39m [e8e570019188a8ed] [.h.AccessNodeIdProviderImpl:73] [ocalhost-startStop-2] - Service id initialized: jfac@01eqkd6j04s2ts1p2j3vtt1b7b
2020-11-20T18:03:27.739Z [1;32m[jfrt ][0;39m [34m[INFO ][0;39m [ea0689ca243d35b4] [o.j.s.c.KeyUtils:108          ] [ocalhost-startStop-1] - Master key is missing. Pending for 5 seconds with 60 seconds timeout
2020-11-20T18:03:28.104Z [1;33m[jfac ][0;39m [34m[INFO ][0;39m [e8e570019188a8ed] [a.k.m.MasterKeyBootstrapper:70] [ocalhost-startStop-2] - No master.key supplied. Generating master.key
2020-11-20T18:03:28.417Z [1;33m[jfac ][0;39m [34m[INFO ][0;39m [e8e570019188a8ed] [.k.m.MasterKeyBootstrapper:146] [ocalhost-startStop-2] - Saving master.key to /opt/jfrog/artifactory/var/etc/security/master.key
2020-11-20T18:03:29.967Z [1;33m[jfac ][0;39m [34m[INFO ][0;39m [e8e570019188a8ed] [j.a.s.s.t.TokenServiceImpl:116] [ocalhost-startStop-2] - Scheduling task for revoking expired tokens using cron expression: 0 0 0/1 * * ?
2020-11-20T18:03:30.313Z [1;32m[jfrt ][0;39m [34m[INFO ][0;39m [ea0689ca243d35b4] [s.d.v.c.DbSqlConverterUtil:101] [ocalhost-startStop-1] - Starting schema conversion: /conversion/derby/derby_v570a.sql
2020-11-20T18:03:30.433Z [1;32m[jfrt ][0;39m [34m[INFO ][0;39m [ea0689ca243d35b4] [s.d.v.c.DbSqlConverterUtil:103] [ocalhost-startStop-1] - Finished schema conversion: /conversion/derby/derby_v570a.sql
2020-11-20T18:03:30.486Z [1;32m[jfrt ][0;39m [34m[INFO ][0;39m [ea0689ca243d35b4] [d.c.m.ConverterManagerImpl:181] [ocalhost-startStop-1] - Triggering PRE_INIT conversion, from 7.10.2 to 7.10.2
2020-11-20T18:03:30.488Z [1;32m[jfrt ][0;39m [34m[INFO ][0;39m [ea0689ca243d35b4] [d.c.m.ConverterManagerImpl:184] [ocalhost-startStop-1] - Finished PRE_INIT conversion, current version is: 7.10.2
2020-11-20T18:03:30.498Z [1;32m[jfrt ][0;39m [34m[INFO ][0;39m [ea0689ca243d35b4] [d.i.DbInitializationManager:47] [ocalhost-startStop-1] - Initializing DB Schema initialization manager
2020-11-20T18:03:30.507Z [1;32m[jfrt ][0;39m [34m[INFO ][0;39m [ea0689ca243d35b4] [.i.DbInitializationManager:175] [ocalhost-startStop-1] - Database: Apache Derby 10.14.2.0 - (1828579). Driver: Apache Derby Embedded JDBC Driver 10.14.2.0 - (1828579) Pool: derby
2020-11-20T18:03:30.509Z [1;32m[jfrt ][0;39m [34m[INFO ][0;39m [ea0689ca243d35b4] [.i.DbInitializationManager:178] [ocalhost-startStop-1] - Connection URL: jdbc:derby:/opt/jfrog/artifactory/var/data/artifactory/derby
2020-11-20T18:03:31.149Z [1;32m[jfrt ][0;39m [34m[INFO ][0;39m [ea0689ca243d35b4] [d.i.DbInitializationManager:68] [ocalhost-startStop-1] - ***Creating database schema***
2020-11-20T18:03:31.474Z [36m[jfrou][0m [34m[INFO ][0m [5301b5d99ed41860] [security_keys.go:128          ] [main                ] - Cluster join: Join key is missing. Pending for 40 seconds with 2m0s timeout
2020-11-20T18:03:31.765Z [34;1m[jfmd ][0m [34m[INFO ][0m [6a5917d916027f2c] [security_keys.go:128          ] [main                ] - Cluster join: Join key is missing. Pending for 40 seconds with 2m0s timeout [init]
2020-11-20T18:03:33.089Z [1;33m[jfac ][0;39m [34m[INFO ][0;39m [e8e570019188a8ed] [b.AccessServerBootstrapImpl:39] [ocalhost-startStop-2] - [ACCESS BOOTSTRAP] Starting JFrog Access bootstrap...
2020-11-20T18:03:33.091Z [1;33m[jfac ][0;39m [34m[INFO ][0;39m [e8e570019188a8ed] [CertificateFileHandlerBase:121] [ocalhost-startStop-2] - [ACCESS BOOTSTRAP] Initializing root certificate.
2020-11-20T18:03:33.102Z [1;33m[jfac ][0;39m [34m[INFO ][0;39m [e8e570019188a8ed] [CertificateFileHandlerBase:286] [ocalhost-startStop-2] - [ACCESS BOOTSTRAP] Generating root private key and certificate.
2020-11-20T18:03:34.264Z [1;32m[jfrt ][0;39m [34m[INFO ][0;39m [ea0689ca243d35b4] [d.i.DbInitializationManager:71] [ocalhost-startStop-1] - ***Database schema created***
2020-11-20T18:03:34.265Z [1;32m[jfrt ][0;39m [34m[INFO ][0;39m [ea0689ca243d35b4] [d.i.DbInitializationManager:51] [ocalhost-startStop-1] - DB Schema initialization manager initialized
2020-11-20T18:03:34.288Z [1;32m[jfrt ][0;39m [34m[INFO ][0;39m [ea0689ca243d35b4] [SchemaInitializationManager:48] [ocalhost-startStop-1] - Initializing Post-DB initialization manager
2020-11-20T18:03:34.538Z [1;32m[jfrt ][0;39m [34m[INFO ][0;39m [ea0689ca243d35b4] [.c.ConfigurationManagerImpl:97] [ocalhost-startStop-1] - Starting file sync
2020-11-20T18:03:34.732Z [1;32m[jfrt ][0;39m [34m[INFO ][0;39m [ea0689ca243d35b4] [SchemaInitializationManager:51] [ocalhost-startStop-1] - Post-DB initialization manager initialized
2020-11-20T18:03:35.117Z [33m[jffe ][39m [34m[INFO ][39m [                ] [                              ] [main                ] - pinging artifactory, attempt number 40
2020-11-20T18:03:35.126Z [33m[jffe ][39m [34m[INFO ][39m [                ] [                              ] [main                ] - pinging artifactory attempt number 40 failed with code : ECONNREFUSED
2020-11-20T18:03:36.135Z [1;32m[jfrt ][0;39m [34m[INFO ][0;39m [72a859ecd97ef926] [ctoryContextConfigListener:325] [art-init            ] -
_   _  __           _                      ____   _____ _____
/\        | | (_)/ _|         | |                    / __ \ / ____/ ____|
/  \   _ __| |_ _| |_ __ _  ___| |_ ___  _ __ _   _  | |  | | (___| (___
/ /\ \ | '__| __| |  _/ _` |/ __| __/ _ \| '__| | | | | |  | |\___ \\___ \
/ ____ \| |  | |_| | || (_| | (__| || (_) | |  | |_| | | |__| |____) |___) |
/_/    \_\_|   \__|_|_| \__,_|\___|\__\___/|_|   \__, |  \____/|_____/_____/
Version:  7.10.2                                  __/ |
Revision: 71002900                               |___/
Artifactory Home: '/opt/jfrog/artifactory'
Node ID: 'c95907176e07'

2020-11-20T18:03:36.373Z [1;32m[jfrt ][0;39m [34m[INFO ][0;39m [72a859ecd97ef926] [ifactoryApplicationContext:558] [art-init            ] - Artifactory application context set to NOT READY by refresh
2020-11-20T18:03:36.484Z [36m[jfrou][0m [34m[INFO ][0m [5301b5d99ed41860] [security_keys.go:128          ] [main                ] - Cluster join: Join key is missing. Pending for 45 seconds with 2m0s timeout
2020-11-20T18:03:36.489L [35m[tomct][0m [INFO ] [                ] [org.apache.catalina.startup.HostConfig] [org.apache.catalina.startup.HostConfig deployDescriptor] - Deployment of deployment descriptor [/opt/jfrog/artifactory/app/artifactory/tomcat/conf/Catalina/localhost/artifactory.xml] has finished in [39,740] ms
2020-11-20T18:03:36.770Z [34;1m[jfmd ][0m [34m[INFO ][0m [6a5917d916027f2c] [security_keys.go:128          ] [main                ] - Cluster join: Join key is missing. Pending for 45 seconds with 2m0s timeout [init]
2020-11-20T18:03:37.984Z [1;33m[jfac ][0;39m [34m[INFO ][0;39m [e8e570019188a8ed] [CertificateFileHandlerBase:342] [ocalhost-startStop-2] - [ACCESS BOOTSTRAP] Saved new root certificate at: /opt/jfrog/artifactory/var/etc/access/keys/root.crt
2020-11-20T18:03:37.987Z [1;33m[jfac ][0;39m [34m[INFO ][0;39m [e8e570019188a8ed] [CertificateFileHandlerBase:138] [ocalhost-startStop-2] - [ACCESS BOOTSTRAP] Finished initializing root certificate. Certificate source: GENERATED
2020-11-20T18:03:37.988Z [1;33m[jfac ][0;39m [34m[INFO ][0;39m [e8e570019188a8ed] [CertificateFileHandlerBase:121] [ocalhost-startStop-2] - [ACCESS BOOTSTRAP] Initializing ca certificate.
2020-11-20T18:03:37.992Z [1;33m[jfac ][0;39m [34m[INFO ][0;39m [e8e570019188a8ed] [CertificateFileHandlerBase:286] [ocalhost-startStop-2] - [ACCESS BOOTSTRAP] Generating ca private key and certificate.
2020-11-20T18:03:38.760Z [1;33m[jfac ][0;39m [34m[INFO ][0;39m [e8e570019188a8ed] [CertificateFileHandlerBase:342] [ocalhost-startStop-2] - [ACCESS BOOTSTRAP] Saved new ca certificate at: /opt/jfrog/artifactory/var/etc/access/keys/ca.crt
2020-11-20T18:03:38.761Z [1;33m[jfac ][0;39m [34m[INFO ][0;39m [e8e570019188a8ed] [CertificateFileHandlerBase:138] [ocalhost-startStop-2] - [ACCESS BOOTSTRAP] Finished initializing ca certificate. Certificate source: GENERATED
2020-11-20T18:03:39.017Z [1;33m[jfac ][0;39m [31m[WARN ][0;39m [e8e570019188a8ed] [c.z.h.u.DriverDataSource:70   ] [ocalhost-startStop-2] - Registered driver with driverClassName=org.apache.derby.jdbc.EmbeddedDriver was not found, trying direct instantiation.
2020-11-20T18:03:39.447Z [1;33m[jfac ][0;39m [34m[INFO ][0;39m [e8e570019188a8ed] [b.AccessServerBootstrapImpl:47] [ocalhost-startStop-2] - [ACCESS BOOTSTRAP] JFrog Access bootstrap finished.
2020-11-20T18:03:41.104Z [1;33m[jfac ][0;39m [34m[INFO ][0;39m [e8e570019188a8ed] [o.j.a.s.s.JoinKeyAccess:170   ] [ocalhost-startStop-2] - Cluster join: Join key loaded successfully (from: generated)
2020-11-20T18:03:41.206Z [1;33m[jfac ][0;39m [34m[INFO ][0;39m [e8e570019188a8ed] [a.s.b.AccessServerRegistrar:62] [ocalhost-startStop-2] - [ACCESS BOOTSTRAP] Starting JFrog Access registrar...
2020-11-20T18:03:41.332Z [1;33m[jfac ][0;39m [34m[INFO ][0;39m [5b245431151a1e6e] [a.c.RefreshableScheduledJob:53] [ocalhost-startStop-2] - Scheduling heartbeat task to run every 5 seconds
2020-11-20T18:03:41.343Z [1;33m[jfac ][0;39m [34m[INFO ][0;39m [5b245431151a1e6e] [a.c.RefreshableScheduledJob:53] [ocalhost-startStop-2] - Scheduling federationCleanupService task to run every 1209600 seconds
2020-11-20T18:03:41.372Z [1;33m[jfac ][0;39m [34m[INFO ][0;39m [5b245431151a1e6e] [a.c.RefreshableScheduledJob:53] [ocalhost-startStop-2] - Scheduling staleTokenCleanup task to run every 3600 seconds
2020-11-20T18:03:41.394Z [1;33m[jfac ][0;39m [34m[INFO ][0;39m [f1736e631ef2f3b7] [a.c.RefreshableScheduledJob:53] [ocalhost-startStop-2] - Scheduling loadCertificates task to run every 30 seconds
2020-11-20T18:03:41.487Z [36m[jfrou][0m [34m[INFO ][0m [5301b5d99ed41860] [bootstrap.go:175              ] [main                ] - System configuration encryption report:
shared.newrelic.licenseKey: does not exist in the config file
shared.security.joinKeyFile: file '/opt/jfrog/artifactory/var/etc/security/join.key' - already encrypted
2020-11-20T18:03:41.491Z [36m[jfrou][0m [34m[INFO ][0m [5301b5d99ed41860] [bootstrap.go:79               ] [main                ] - JFrog Router Service ID: jfrou@01eqkd6zhk8r4xcexy3b01r3ws
2020-11-20T18:03:41.491Z [36m[jfrou][0m [34m[INFO ][0m [5301b5d99ed41860] [bootstrap.go:80               ] [main                ] - JFrog Router Node ID: c95907176e07
2020-11-20T18:03:41.569Z [36m[jfrou][0m [34m[INFO ][0m [5301b5d99ed41860] [http_client_holder.go:155     ] [main                ] - System cert pool contents were loaded as trusted CAs for TLS communication
[DEBUG] Resolved system configuration file path: /opt/jfrog/artifactory/var/etc/system.yaml
[DEBUG] Resolved system configuration file path: /opt/jfrog/artifactory/var/etc/system.yaml
[DEBUG] Config file parameter metadata.logging.application.level is updated
2020-11-20T18:03:41.773Z [34;1m[jfmd ][0m [34m[INFO ][0m [6a5917d916027f2c] [database_bearer.go:100        ] [main                ] - Connecting to (db config: {sqlite /opt/jfrog/artifactory/var/data/metadata/sqlite.db?_fk=yes&_busy_timeout=5000&_txlock=immediate&cache=shared}) [database]
2020-11-20T18:03:41.819Z [34;1m[jfmd ][0m [34m[INFO ][0m [6a5917d916027f2c] [migrator.go:60                ] [main                ] - Applying 42 migrations files [database]
2020-11-20T18:03:41.829Z [34;1m[jfmd ][0m [34m[INFO ][0m [6a5917d916027f2c] [migrator.go:157               ] [main                ] - Migration v001_packages.sql successfully applied (4 statements) [database]
2020-11-20T18:03:41.838Z [34;1m[jfmd ][0m [34m[INFO ][0m [6a5917d916027f2c] [migrator.go:157               ] [main                ] - Migration v002_versions.sql successfully applied (5 statements) [database]
2020-11-20T18:03:41.847Z [34;1m[jfmd ][0m [34m[INFO ][0m [6a5917d916027f2c] [migrator.go:157               ] [main                ] - Migration v003_package_qualifiers.sql successfully applied (2 statements) [database]
2020-11-20T18:03:41.859Z [34;1m[jfmd ][0m [34m[INFO ][0m [6a5917d916027f2c] [migrator.go:157               ] [main                ] - Migration v004_package_user_properties.sql successfully applied (3 statements) [database]
2020-11-20T18:03:41.878Z [34;1m[jfmd ][0m [34m[INFO ][0m [6a5917d916027f2c] [migrator.go:157               ] [main                ] - Migration v005_package_tags.sql successfully applied (2 statements) [database]
2020-11-20T18:03:41.898Z [34;1m[jfmd ][0m [34m[INFO ][0m [6a5917d916027f2c] [migrator.go:157               ] [main                ] - Migration v006_package_stats.sql successfully applied (1 statements) [database]
2020-11-20T18:03:41.909Z [34;1m[jfmd ][0m [34m[INFO ][0m [6a5917d916027f2c] [migrator.go:157               ] [main                ] - Migration v007_sources.sql successfully applied (2 statements) [database]
2020-11-20T18:03:41.929Z [34;1m[jfmd ][0m [34m[INFO ][0m [6a5917d916027f2c] [migrator.go:157               ] [main                ] - Migration v008_package_info_sources.sql successfully applied (3 statements) [database]
2020-11-20T18:03:41.947Z [34;1m[jfmd ][0m [34m[INFO ][0m [6a5917d916027f2c] [migrator.go:157               ] [main                ] - Migration v009_servers.sql successfully applied (2 statements) [database]
2020-11-20T18:03:41.964Z [34;1m[jfmd ][0m [34m[INFO ][0m [6a5917d916027f2c] [migrator.go:157               ] [main                ] - Migration v010_version_qualifiers.sql successfully applied (3 statements) [database]
2020-11-20T18:03:41.984Z [34;1m[jfmd ][0m [34m[INFO ][0m [6a5917d916027f2c] [migrator.go:157               ] [main                ] - Migration v011_version_user_properties.sql successfully applied (3 statements) [database]
2020-11-20T18:03:41.992Z [1;33m[jfac ][0;39m [34m[INFO ][0;39m [f1736e631ef2f3b7] [o.j.a.s.r.s.GrpcServerImpl:65 ] [ocalhost-startStop-2] - Starting gRPC Server on port 8045
2020-11-20T18:03:42.016Z [34;1m[jfmd ][0m [34m[INFO ][0m [6a5917d916027f2c] [migrator.go:157               ] [main                ] - Migration v012_version_tags.sql successfully applied (3 statements) [database]
2020-11-20T18:03:42.040Z [34;1m[jfmd ][0m [34m[INFO ][0m [6a5917d916027f2c] [migrator.go:157               ] [main                ] - Migration v013_version_stats.sql successfully applied (1 statements) [database]
2020-11-20T18:03:42.057Z [34;1m[jfmd ][0m [34m[INFO ][0m [6a5917d916027f2c] [migrator.go:157               ] [main                ] - Migration v014_licenses.sql successfully applied (2 statements) [database]
2020-11-20T18:03:42.074Z [34;1m[jfmd ][0m [34m[INFO ][0m [6a5917d916027f2c] [migrator.go:157               ] [main                ] - Migration v015_files.sql successfully applied (5 statements) [database]
2020-11-20T18:03:42.089Z [34;1m[jfmd ][0m [34m[INFO ][0m [6a5917d916027f2c] [migrator.go:157               ] [main                ] - Migration v016_file_qualifiers.sql successfully applied (3 statements) [database]
2020-11-20T18:03:42.110Z [34;1m[jfmd ][0m [34m[INFO ][0m [6a5917d916027f2c] [migrator.go:157               ] [main                ] - Migration v017_package_licenses.sql successfully applied (3 statements) [database]
2020-11-20T18:03:42.133Z [34;1m[jfmd ][0m [34m[INFO ][0m [6a5917d916027f2c] [migrator.go:157               ] [main                ] - Migration v018_version_licenses.sql successfully applied (3 statements) [database]
2020-11-20T18:03:42.148Z [34;1m[jfmd ][0m [34m[INFO ][0m [6a5917d916027f2c] [migrator.go:157               ] [main                ] - Migration v019_files_versions.sql successfully applied (3 statements) [database]
2020-11-20T18:03:42.162Z [34;1m[jfmd ][0m [34m[INFO ][0m [6a5917d916027f2c] [migrator.go:157               ] [main                ] - Migration v020_repo.sql successfully applied (2 statements) [database]
2020-11-20T18:03:42.172Z [34;1m[jfmd ][0m [34m[INFO ][0m [6a5917d916027f2c] [migrator.go:157               ] [main                ] - Migration v021_lead_paths.sql successfully applied (4 statements) [database]
2020-11-20T18:03:42.191Z [34;1m[jfmd ][0m [34m[INFO ][0m [6a5917d916027f2c] [migrator.go:157               ] [main                ] - Migration v022_package_descriptions.sql successfully applied (1 statements) [database]
2020-11-20T18:03:42.208Z [34;1m[jfmd ][0m [34m[INFO ][0m [6a5917d916027f2c] [migrator.go:157               ] [main                ] - Migration v023_contributors.sql successfully applied (2 statements) [database]
2020-11-20T18:03:42.225Z [34;1m[jfmd ][0m [34m[INFO ][0m [6a5917d916027f2c] [migrator.go:157               ] [main                ] - Migration v024_version_contributors.sql successfully applied (3 statements) [database]
2020-11-20T18:03:42.239Z [34;1m[jfmd ][0m [34m[INFO ][0m [6a5917d916027f2c] [migrator.go:157               ] [main                ] - Migration v025_sharedconfigs.sql successfully applied (2 statements) [database]
2020-11-20T18:03:42.253Z [34;1m[jfmd ][0m [34m[INFO ][0m [6a5917d916027f2c] [migrator.go:157               ] [main                ] - Migration v026_version_vulns.sql successfully applied (1 statements) [database]
2020-11-20T18:03:42.272Z [34;1m[jfmd ][0m [34m[INFO ][0m [6a5917d916027f2c] [migrator.go:157               ] [main                ] - Migration v027_package_vulns.sql successfully applied (1 statements) [database]
2020-11-20T18:03:42.290Z [34;1m[jfmd ][0m [34m[INFO ][0m [6a5917d916027f2c] [migrator.go:157               ] [main                ] - Migration v028_versions_ordinal_index.sql successfully applied (1 statements) [database]
2020-11-20T18:03:42.303Z [34;1m[jfmd ][0m [34m[INFO ][0m [6a5917d916027f2c] [migrator.go:157               ] [main                ] - Migration v029_qualifier_user_prop_length.sql successfully applied (0 statements) [database]
2020-11-20T18:03:42.317Z [34;1m[jfmd ][0m [34m[INFO ][0m [6a5917d916027f2c] [migrator.go:157               ] [main                ] - Migration v030_version_addcolumn_size.sql successfully applied (1 statements) [database]
2020-11-20T18:03:42.334Z [34;1m[jfmd ][0m [34m[INFO ][0m [6a5917d916027f2c] [migrator.go:157               ] [main                ] - Migration v031_package_add_base_model_complete.sql successfully applied (1 statements) [database]
2020-11-20T18:03:42.380Z [34;1m[jfmd ][0m [34m[INFO ][0m [6a5917d916027f2c] [migrator.go:157               ] [main                ] - Migration v032_rename_stats_columns.sql successfully applied (3 statements) [database]
2020-11-20T18:03:42.400Z [34;1m[jfmd ][0m [34m[INFO ][0m [6a5917d916027f2c] [migrator.go:157               ] [main                ] - Migration v033_rename_size_column.sql successfully applied (1 statements) [database]
2020-11-20T18:03:42.432Z [34;1m[jfmd ][0m [34m[INFO ][0m [6a5917d916027f2c] [migrator.go:157               ] [main                ] - Migration v034_ver_stats_fk_ver_repos_fk.sql successfully applied (11 statements) [database]
2020-11-20T18:03:42.440Z [34;1m[jfmd ][0m [34m[INFO ][0m [6a5917d916027f2c] [migrator.go:157               ] [main                ] - Migration v035_files_unique_name_sha256.sql successfully applied (4 statements) [database]
2020-11-20T18:03:42.450Z [34;1m[jfmd ][0m [34m[INFO ][0m [6a5917d916027f2c] [migrator.go:157               ] [main                ] - Migration v036_version_add_modified.sql successfully applied (1 statements) [database]
2020-11-20T18:03:42.464Z [34;1m[jfmd ][0m [34m[INFO ][0m [6a5917d916027f2c] [migrator.go:157               ] [main                ] - Migration v037_version_add_base_model_complete.sql successfully applied (1 statements) [database]
2020-11-20T18:03:42.483Z [34;1m[jfmd ][0m [34m[INFO ][0m [6a5917d916027f2c] [migrator.go:157               ] [main                ] - Migration v038_file_targets.sql successfully applied (2 statements) [database]
2020-11-20T18:03:42.497Z [34;1m[jfmd ][0m [34m[INFO ][0m [6a5917d916027f2c] [migrator.go:157               ] [main                ] - Migration v039_file_targets_fk.sql successfully applied (1 statements) [database]
2020-11-20T18:03:42.509Z [34;1m[jfmd ][0m [34m[INFO ][0m [6a5917d916027f2c] [migrator.go:157               ] [main                ] - Migration v042_async_data_converter.sql successfully applied (5 statements) [database]
2020-11-20T18:03:42.528Z [34;1m[jfmd ][0m [34m[INFO ][0m [6a5917d916027f2c] [migrator.go:157               ] [main                ] - Migration v043_add_mark_for_deletion.sql successfully applied (3 statements) [database]
2020-11-20T18:03:42.546Z [34;1m[jfmd ][0m [34m[INFO ][0m [6a5917d916027f2c] [migrator.go:157               ] [main                ] - Migration v044_add_dependant_task.sql successfully applied (1 statements) [database]
2020-11-20T18:03:42.556Z [34;1m[jfmd ][0m [34m[INFO ][0m [6a5917d916027f2c] [migrator.go:66                ] [main                ] - Applied 105 database migrations statements [database]
2020-11-20T18:03:42.556Z [34;1m[jfmd ][0m [34m[INFO ][0m [6a5917d916027f2c] [application.go:59             ] [main                ] - Metadata (jfmd) service initialization started. Version: 7.10.3 Revision: 71003900 PID: 4106 Home: /opt/jfrog/artifactory/var [app_initializer]
2020-11-20T18:03:42.574Z [34;1m[jfmd ][0m [34m[INFO ][0m [6a5917d916027f2c] [server_bearer.go:158          ] [main                ] - Created service_id and pushed to store: jfmd@01eqkd70jx1er24yqq53p7r4rw [ServerInit]
2020-11-20T18:03:42.691Z [1;33m[jfac ][0;39m [34m[INFO ][0;39m [f1736e631ef2f3b7] [o.j.a.s.r.s.GrpcServerImpl:84 ] [ocalhost-startStop-2] - gRPC Server started, listening on 8045
2020-11-20T18:03:43.419Z [36m[jfrou][0m [34m[INFO ][0m [5301b5d99ed41860] [config_holder.go:107          ] [main                ] - Configuration update detected
2020-11-20T18:03:45.188Z [33m[jffe ][39m [34m[INFO ][39m [                ] [                              ] [main                ] - pinging artifactory, attempt number 50
2020-11-20T18:03:45.191Z [33m[jffe ][39m [34m[INFO ][39m [                ] [                              ] [main                ] - pinging artifactory attempt number 50 failed with code : ECONNREFUSED
2020-11-20T18:03:46.190Z [1;32m[jfrt ][0;39m [31m[WARN ][0;39m [72a859ecd97ef926] [c.z.h.u.DriverDataSource:70   ] [art-init            ] - Registered driver with driverClassName=org.apache.derby.jdbc.EmbeddedDriver was not found, trying direct instantiation.
2020-11-20T18:03:46.282Z [1;32m[jfrt ][0;39m [34m[INFO ][0;39m [72a859ecd97ef926] [o.a.s.d.v.DerbyValidator:26   ] [art-init            ] - Validating connection collation for derby database
2020-11-20T18:03:46.523Z [1;33m[jfac ][0;39m [31m[WARN ][0;39m [e8e570019188a8ed] [o.j.c.ExecutionUtils:142      ] [pool-17-thread-2    ] - Retry 10 Elapsed 5.31 secs failed: Registration with router on URL http://localhost:8046 failed with error: UNAVAILABLE: io exception. Trying again
2020-11-20T18:03:46.591Z [34;1m[jfmd ][0m [34m[INFO ][0m [6a5917d916027f2c] [accessclient.go:55            ] [main                ] - Cluster join: Retry 5: Service registry ping failed, will retry. Error: Error while trying to connect to local router at address 'http://localhost:8046/access': Get "http://localhost:8046/access/api/v1/system/ping": dial tcp 127.0.0.1:8046: connect: connection refused [access_client]
2020-11-20T18:03:46.719Z [1;33m[jfac ][0;39m [34m[INFO ][0;39m [f1736e631ef2f3b7] [o.j.a.AccessApplication:59    ] [ocalhost-startStop-2] - Started AccessApplication in 40.692 seconds (JVM running for 54.558)
2020-11-20T18:03:46.792L [35m[tomct][0m [INFO ] [                ] [org.apache.catalina.startup.HostConfig] [org.apache.catalina.startup.HostConfig deployDescriptor] - Deployment of deployment descriptor [/opt/jfrog/artifactory/app/artifactory/tomcat/conf/Catalina/localhost/access.xml] has finished in [50,047] ms
2020-11-20T18:03:46.795L [35m[tomct][0m [INFO ] [                ] [org.apache.catalina.startup.HostConfig] [org.apache.catalina.startup.HostConfig deployDirectory] - Deploying web application directory [/opt/jfrog/artifactory/app/artifactory/tomcat/webapps/ROOT]
2020-11-20T18:03:46.866L [35m[tomct][0m [INFO ] [                ] [org.apache.catalina.startup.HostConfig] [org.apache.catalina.startup.HostConfig deployDirectory] - Deployment of web application directory [/opt/jfrog/artifactory/app/artifactory/tomcat/webapps/ROOT] has finished in [71] ms
2020-11-20T18:03:46.879L [35m[tomct][0m [INFO ] [                ] [org.apache.coyote.http11.Http11NioProtocol] [org.apache.coyote.AbstractProtocol start] - Starting ProtocolHandler ["http-nio-8081"]
2020-11-20T18:03:46.938L [35m[tomct][0m [INFO ] [                ] [org.apache.coyote.http11.Http11NioProtocol] [org.apache.coyote.AbstractProtocol start] - Starting ProtocolHandler ["http-nio-127.0.0.1-8091"]
2020-11-20T18:03:46.945L [35m[tomct][0m [INFO ] [                ] [org.apache.coyote.http11.Http11NioProtocol] [org.apache.coyote.AbstractProtocol start] - Starting ProtocolHandler ["http-nio-127.0.0.1-8040"]
2020-11-20T18:03:49.089Z [1;32m[jfrt ][0;39m [34m[INFO ][0;39m [72a859ecd97ef926] [ritiesStorageServiceFactory:25] [art-init            ] - Initializing DB-based Priorities Storage Service
2020-11-20T18:03:49.959Z [1;33m[jfac ][0;39m [34m[INFO ][0;39m [13cb96de5f709032] [a.c.RefreshableScheduledJob:53] [27.0.0.1-8040-exec-1] - Scheduling federationCleanupService task to run every 1209600 seconds
2020-11-20T18:03:49.962Z [1;33m[jfac ][0;39m [34m[INFO ][0;39m [189f222d839aaed9] [.f.FederationCleanupService:59] [jf-access-task1     ] - Running clean up of outdated Federation events
2020-11-20T18:03:50.198Z [1;33m[jfac ][0;39m [34m[INFO ][0;39m [13cb96de5f709032] [s.r.NodeRegistryServiceImpl:68] [27.0.0.1-8040-exec-1] - Cluster join: Successfully joined jfrou@01eqkd6zhk8r4xcexy3b01r3ws with node id c95907176e07
2020-11-20T18:03:50.337Z [36m[jfrou][0m [34m[INFO ][0m [5301b5d99ed41860] [join_executor.go:188          ] [main                ] - Cluster join: Successfully joined the cluster
2020-11-20T18:03:50.338Z [36m[jfrou][0m [34m[INFO ][0m [5301b5d99ed41860] [http_client_holder.go:155     ] [main                ] - System cert pool contents were loaded as trusted CAs for TLS communication
2020-11-20T18:03:50.338Z [36m[jfrou][0m [34m[INFO ][0m [5301b5d99ed41860] [http_client_holder.go:175     ] [main                ] - Following certificates were successfully loaded as trusted CAs for TLS communication:
[/opt/jfrog/artifactory/var/data/router/keys/trusted/access-root-ca.crt]
2020-11-20T18:03:50.357Z [36m[jfrou][0m [34m[INFO ][0m [                ] [server.go:577                 ] [main                ] - Preparing server internal &{Address:localhost:8046 TLS:<nil> Redirect:<nil> Auth:<nil> WhitelistSourceRange:[] WhiteList:<nil> Compress:false ProxyProtocol:<nil> ForwardedHeaders:0xc000895f60} with readTimeout=0s writeTimeout=0s idleTimeout=3m0s
2020-11-20T18:03:50.360Z [36m[jfrou][0m [34m[INFO ][0m [                ] [server.go:577                 ] [main                ] - Preparing server api &{Address:localhost:8049 TLS:<nil> Redirect:<nil> Auth:<nil> WhitelistSourceRange:[] WhiteList:<nil> Compress:false ProxyProtocol:<nil> ForwardedHeaders:0xc000895f20} with readTimeout=0s writeTimeout=0s idleTimeout=3m0s
2020-11-20T18:03:50.360Z [36m[jfrou][0m [34m[INFO ][0m [                ] [server.go:533                 ] [main                ] - Starting server on localhost:8046
2020-11-20T18:03:50.362Z [36m[jfrou][0m [34m[INFO ][0m [                ] [server.go:577                 ] [main                ] - Preparing server external &{Address::8082 TLS:<nil> Redirect:<nil> Auth:<nil> WhitelistSourceRange:[] WhiteList:<nil> Compress:false ProxyProtocol:<nil> ForwardedHeaders:0xc000895f40} with readTimeout=0s writeTimeout=0s idleTimeout=3m0s
2020-11-20T18:03:50.362Z [36m[jfrou][0m [34m[INFO ][0m [                ] [server.go:533                 ] [main                ] - Starting server on localhost:8049
2020-11-20T18:03:50.363Z [36m[jfrou][0m [34m[INFO ][0m [                ] [server.go:423                 ] [main                ] - Starting provider configuration.ProviderAggregator {}
2020-11-20T18:03:50.363Z [36m[jfrou][0m [34m[INFO ][0m [                ] [server.go:533                 ] [main                ] - Starting server on :8082
2020-11-20T18:03:50.364Z [36m[jfrou][0m [34m[INFO ][0m [                ] [provider_aggregator.go:103    ] [main                ] - Starting provider *file.Provider {"Watch":true,"Filename":"","Constraints":null,"Trace":false,"TemplateVersion":0,"DebugLogGeneratedTemplate":false,"Directory":"/opt/jfrog/artifactory/var/data/router/traefik/routes","TraefikFile":""}
2020-11-20T18:03:50.375Z [36m[jfrou][0m [34m[INFO ][0m [                ] [server_configuration.go:61    ] [main                ] - Server configuration reloaded on localhost:8046
2020-11-20T18:03:50.375Z [36m[jfrou][0m [34m[INFO ][0m [                ] [server_configuration.go:61    ] [main                ] - Server configuration reloaded on localhost:8049
2020-11-20T18:03:50.375Z [36m[jfrou][0m [34m[INFO ][0m [                ] [server_configuration.go:61    ] [main                ] - Server configuration reloaded on :8082
2020-11-20T18:03:50.376Z [36m[jfrou][0m [34m[INFO ][0m [5301b5d99ed41860] [main.go:47                    ] [main                ] - Router (jfrou) service initialization completed in 58.969 seconds. Listening on port: 8082
2020-11-20T18:03:51.227Z [1;33m[jfac ][0;39m [34m[INFO ][0;39m [e8e570019188a8ed] [.AccessWithRouterRegistrar:111] [pool-17-thread-1    ] - Access Server successfully registered on Router on URL: http://localhost:8046
2020-11-20T18:03:51.599Z [34;1m[jfmd ][0m [34m[INFO ][0m [6a5917d916027f2c] [accessclient.go:55            ] [main                ] - Cluster join: Retry 10: Service registry ping failed, will retry. Error: Error while trying to connect to local router at address 'http://localhost:8046/access': Failed to access :http://localhost:8046/access/api/v1/system/ping return status code : 404 [access_client]
2020-11-20T18:03:52.008Z [1;32m[jfrt ][0;39m [34m[INFO ][0;39m [72a859ecd97ef926] [actorySchedulerFactoryBean:727] [art-init            ] - Starting Quartz Scheduler now
2020-11-20T18:03:52.118Z [1;32m[jfrt ][0;39m [34m[INFO ][0;39m [72a859ecd97ef926] [ifactoryApplicationContext:280] [art-init            ] - Artifactory context starting up 44 Spring Beans...
2020-11-20T18:03:52.172Z [1;32m[jfrt ][0;39m [34m[INFO ][0;39m [72a859ecd97ef926] [c.CentralConfigServiceImpl:316] [art-init            ] - Loading bootstrap configuration (artifactory home dir is /opt/jfrog/artifactory).
2020-11-20T18:03:52.374Z [36m[jfrou][0m [34m[INFO ][0m [                ] [server_configuration.go:61    ] [main                ] - Server configuration reloaded on localhost:8046
2020-11-20T18:03:52.374Z [36m[jfrou][0m [34m[INFO ][0m [                ] [server_configuration.go:61    ] [main                ] - Server configuration reloaded on localhost:8049
2020-11-20T18:03:52.375Z [36m[jfrou][0m [34m[INFO ][0m [                ] [server_configuration.go:61    ] [main                ] - Server configuration reloaded on :8082
2020-11-20T18:03:52.654Z [1;33m[jfac ][0;39m [34m[INFO ][0;39m [5b2a25bb65400eac] [a.c.RefreshableScheduledJob:53] [27.0.0.1-8040-exec-3] - Scheduling federationCleanupService task to run every 1209600 seconds
2020-11-20T18:03:52.656Z [1;33m[jfac ][0;39m [34m[INFO ][0;39m [b5993ba1131ba971] [.f.FederationCleanupService:59] [jf-access-task1     ] - Running clean up of outdated Federation events
2020-11-20T18:03:52.744Z [1;33m[jfac ][0;39m [34m[INFO ][0;39m [5b2a25bb65400eac] [s.r.NodeRegistryServiceImpl:68] [27.0.0.1-8040-exec-3] - Cluster join: Successfully joined jfmd@01eqkd70jx1er24yqq53p7r4rw with node id c95907176e07
2020-11-20T18:03:52.756Z [34;1m[jfmd ][0m [34m[INFO ][0m [6a5917d916027f2c] [accessclient.go:55            ] [main                ] - Cluster join: Successfully joined the cluster [access_client]
2020-11-20T18:03:52.756Z [34;1m[jfmd ][0m [34m[INFO ][0m [6a5917d916027f2c] [accessclient.go:55            ] [main                ] - Executing Router register at: localhost:8046 [access_client]
2020-11-20T18:03:52.835Z [34;1m[jfmd ][0m [34m[INFO ][0m [6a5917d916027f2c] [router_middlewares.go:58      ] [main                ] - Metadata (jfmd) service initialization completed in 10.278 seconds. Listening on port: 8086 [router]
2020-11-20T18:03:52.857Z [1;32m[jfrt ][0;39m [34m[INFO ][0;39m [72a859ecd97ef926] [c.CentralConfigServiceImpl:825] [art-init            ] - No Central configuration found in the database, using default configuration.
2020-11-20T18:03:52.942Z [1;33m[jfac ][0;39m [34m[INFO ][0;39m [e8e570019188a8ed] [.s.b.AccessServerRegistrar:117] [pool-17-thread-1    ] - [ACCESS BOOTSTRAP] Updating server 'c95907176e07' private key finger print to: aa25c27bc1caa184c9332c3e80deb14dda16430bbecd77294342b61e2e5c3e4e ca private key finger print to: 164c25773c7e15d11e918e2013461aea71476fe07e3f24f7a906b36b73143efb
2020-11-20T18:03:52.971Z [1;33m[jfac ][0;39m [34m[INFO ][0;39m [e8e570019188a8ed] [a.s.b.AccessServerRegistrar:73] [pool-17-thread-1    ] - [ACCESS BOOTSTRAP] JFrog Access registrar finished.
2020-11-20T18:03:53.337Z [1;32m[jfrt ][0;39m [34m[INFO ][0;39m [72a859ecd97ef926] [o.a.s.a.AccessServiceImpl:461 ] [art-init            ] - Initialized new service id: jfrt@01eqkd7b3qmbjr10ged4mv1r9r
2020-11-20T18:03:53.385Z [1;32m[jfrt ][0;39m [34m[INFO ][0;39m [72a859ecd97ef926] [oryAccessClientConfigStore:608] [art-init            ] - Using Access Server URL: http://localhost:8046/access source: System Config
2020-11-20T18:03:54.038Z [1;33m[jfac ][0;39m [34m[INFO ][0;39m [392a85c37966ba2e] [a.c.RefreshableScheduledJob:53] [27.0.0.1-8040-exec-7] - Scheduling federationCleanupService task to run every 1209600 seconds
2020-11-20T18:03:54.039Z [1;33m[jfac ][0;39m [34m[INFO ][0;39m [42522cd3e379360 ] [.f.FederationCleanupService:59] [jf-access-task1     ] - Running clean up of outdated Federation events
2020-11-20T18:03:54.057Z [1;33m[jfac ][0;39m [34m[INFO ][0;39m [392a85c37966ba2e] [s.r.NodeRegistryServiceImpl:68] [27.0.0.1-8040-exec-7] - Cluster join: Successfully joined jfrt@01eqkd7b3qmbjr10ged4mv1r9r with node id c95907176e07
2020-11-20T18:03:54.104Z [1;32m[jfrt ][0;39m [34m[INFO ][0;39m [72a859ecd97ef926] [.a.c.AccessClientBootstrap:163] [art-init            ] - Cluster join: Successfully joined the cluster
2020-11-20T18:03:54.375Z [36m[jfrou][0m [34m[INFO ][0m [                ] [server_configuration.go:61    ] [main                ] - Server configuration reloaded on localhost:8046
2020-11-20T18:03:54.375Z [36m[jfrou][0m [34m[INFO ][0m [                ] [server_configuration.go:61    ] [main                ] - Server configuration reloaded on localhost:8049
2020-11-20T18:03:54.375Z [36m[jfrou][0m [34m[INFO ][0m [                ] [server_configuration.go:61    ] [main                ] - Server configuration reloaded on :8082
2020-11-20T18:03:54.680Z [1;32m[jfrt ][0;39m [34m[INFO ][0;39m [                ] [o.j.c.ConfigWrapperImpl:342   ] [pool-13-thread-1    ] - [Node ID: c95907176e07]  detected local  modify for config 'artifactory/config/mimetypes.xml'
2020-11-20T18:03:54.683Z [1;32m[jfrt ][0;39m [34m[INFO ][0;39m [                ] [o.j.c.ConfigWrapperImpl:342   ] [pool-12-thread-1    ] - [Node ID: c95907176e07]  detected local  modify for config 'artifactory/config/artifactory.system.properties'
2020-11-20T18:03:54.729Z [1;32m[jfrt ][0;39m [34m[INFO ][0;39m [                ] [o.j.c.ConfigWrapperImpl:342   ] [pool-14-thread-1    ] - [Node ID: c95907176e07]  detected local  modify for config 'artifactory/config/binarystore.xml'
2020-11-20T18:03:55.159Z [1;32m[jfrt ][0;39m [34m[INFO ][0;39m [72a859ecd97ef926] [o.a.s.a.AccessServiceImpl:393 ] [art-init            ] - Initialized access service successfully with client id 1296605627, closing old client id [null]
2020-11-20T18:03:55.159Z [1;32m[jfrt ][0;39m [34m[INFO ][0;39m [72a859ecd97ef926] [o.a.s.a.AccessServiceImpl:1321] [art-init            ] - Updating access configuration with password expiration data
2020-11-20T18:03:55.236Z [33m[jffe ][39m [34m[INFO ][39m [                ] [                              ] [main                ] - pinging artifactory, attempt number 60
2020-11-20T18:03:55.239Z [33m[jffe ][39m [34m[INFO ][39m [                ] [                              ] [main                ] - pinging artifactory attempt number 60 failed with code : undefined
2020-11-20T18:03:55.856Z [1;32m[jfrt ][0;39m [31m[WARN ][0;39m [72a859ecd97ef926] [o.a.s.a.AccessServiceImpl:1551] [art-init            ] - Your Artifactory server is configured with the default admin credentials. It is highly recommended to change the default admin password. You can change the password from the User Management page.
2020-11-20T18:03:56.246Z [1;33m[jfac ][0;39m [34m[INFO ][0;39m [58c519e77d513818] [.AccessImporterExporterImpl:71] [27.0.0.1-8040-exec-4] - Exporting NodeIdServiceId...
2020-11-20T18:03:56.255Z [1;33m[jfac ][0;39m [34m[INFO ][0;39m [58c519e77d513818] [.AccessImporterExporterImpl:71] [27.0.0.1-8040-exec-4] - Exporting users...
2020-11-20T18:03:56.290Z [1;33m[jfac ][0;39m [34m[INFO ][0;39m [58c519e77d513818] [.AccessImporterExporterImpl:71] [27.0.0.1-8040-exec-4] - Exporting tokens...
2020-11-20T18:03:56.298Z [1;33m[jfac ][0;39m [34m[INFO ][0;39m [58c519e77d513818] [.d.TokenStorageServiceImpl:220] [27.0.0.1-8040-exec-4] - Filtered out 9 system tokens from export
2020-11-20T18:03:56.302Z [1;33m[jfac ][0;39m [34m[INFO ][0;39m [58c519e77d513818] [.AccessImporterExporterImpl:71] [27.0.0.1-8040-exec-4] - Exporting federation_events...
2020-11-20T18:03:56.308Z [1;33m[jfac ][0;39m [34m[INFO ][0;39m [58c519e77d513818] [.AccessImporterExporterImpl:71] [27.0.0.1-8040-exec-4] - Exporting federation_servers...
2020-11-20T18:03:56.326Z [1;33m[jfac ][0;39m [34m[INFO ][0;39m [58c519e77d513818] [.AccessImporterExporterImpl:71] [27.0.0.1-8040-exec-4] - Exporting permissions...
2020-11-20T18:03:56.335Z [1;33m[jfac ][0;39m [34m[INFO ][0;39m [58c519e77d513818] [.AccessImporterExporterImpl:71] [27.0.0.1-8040-exec-4] - Exporting groups...
2020-11-20T18:03:56.337Z [1;33m[jfac ][0;39m [34m[INFO ][0;39m [58c519e77d513818] [.AccessImporterExporterImpl:71] [27.0.0.1-8040-exec-4] - Exporting platform_configurations...
2020-11-20T18:03:56.356Z [1;33m[jfac ][0;39m [34m[INFO ][0;39m [58c519e77d513818] [.AccessImporterExporterImpl:71] [27.0.0.1-8040-exec-4] - Exporting encryption...
2020-11-20T18:03:56.371Z [1;33m[jfac ][0;39m [34m[INFO ][0;39m [58c519e77d513818] [.AccessImporterExporterImpl:71] [27.0.0.1-8040-exec-4] - Exporting config...
2020-11-20T18:03:56.376Z [36m[jfrou][0m [34m[INFO ][0m [                ] [server_configuration.go:61    ] [main                ] - Server configuration reloaded on :8082
2020-11-20T18:03:56.376Z [36m[jfrou][0m [34m[INFO ][0m [                ] [server_configuration.go:61    ] [main                ] - Server configuration reloaded on localhost:8046
2020-11-20T18:03:56.376Z [36m[jfrou][0m [34m[INFO ][0m [                ] [server_configuration.go:61    ] [main                ] - Server configuration reloaded on localhost:8049
2020-11-20T18:03:56.532Z [1;32m[jfrt ][0;39m [34m[INFO ][0;39m [72a859ecd97ef926] [o.a.s.SecurityServiceImpl:3022] [art-init            ] - Creating the default anonymous user, since it does not exist!
2020-11-20T18:03:57.100Z [1;32m[jfrt ][0;39m [34m[INFO ][0;39m [72a859ecd97ef926] [tegrationCleanupServiceImpl:75] [art-init            ] - Using generated cron 0 41 1 ? * * for jobs table cleanup
2020-11-20T18:03:57.168Z [1;32m[jfrt ][0;39m [34m[INFO ][0;39m [72a859ecd97ef926] [ifactoryApplicationContext:558] [art-init            ] - Artifactory application context set to READY by refresh
2020-11-20T18:03:57.190Z [1;32m[jfrt ][0;39m [34m[INFO ][0;39m [72a859ecd97ef926] [o.a.m.f.MetricsServiceImpl:117] [art-init            ] - Metric Framework Service is enabled: false
2020-11-20T18:03:57.200Z [1;32m[jfrt ][0;39m [34m[INFO ][0;39m [72a859ecd97ef926] [ctoryEncryptionServiceImpl:107] [art-init            ] - Starting encryption for first Artifactory startup
2020-11-20T18:03:57.200Z [1;32m[jfrt ][0;39m [34m[INFO ][0;39m [72a859ecd97ef926] [j.s.f.SecurityFolderHelper:171] [art-init            ] - Creating artifactory encryption key at /opt/jfrog/artifactory/var/etc/artifactory/security/artifactory.tmp.key
2020-11-20T18:03:57.207Z [1;32m[jfrt ][0;39m [34m[INFO ][0;39m [72a859ecd97ef926] [o.j.c.ConfigWrapperImpl:342   ] [art-init            ] - [Node ID: c95907176e07]  detected local  create for config 'artifactory/config/security/artifactory.key'
2020-11-20T18:03:57.368Z [1;32m[jfrt ][0;39m [34m[INFO ][0;39m [72a859ecd97ef926] [o.a.s.a.AccessServiceImpl:1627] [art-init            ] - Successful register of Artifactory serviceId jfrt@01eqkd7b3qmbjr10ged4mv1r9r in Access Federation
2020-11-20T18:03:57.380Z [1;32m[jfrt ][0;39m [31m[WARN ][0;39m [8285de182929a848] [c.z.h.u.DriverDataSource:70   ] [art-exec-2          ] - Registered driver with driverClassName=org.apache.derby.jdbc.EmbeddedDriver was not found, trying direct instantiation.
2020-11-20T18:03:57.399Z [1;32m[jfrt ][0;39m [34m[INFO ][0;39m [90d3953d85b30635] [adsFolderCleanupServiceImpl:52] [art-exec-3          ] - Starting docker temp folder cleanup
2020-11-20T18:03:57.433Z [1;32m[jfrt ][0;39m [34m[INFO ][0;39m [90d3953d85b30635] [adsFolderCleanupServiceImpl:54] [art-exec-3          ] - Docker temp folder cleanup finished, time took: 34 millis
2020-11-20T18:03:57.433Z [1;32m[jfrt ][0;39m [34m[INFO ][0;39m [72a859ecd97ef926] [.s.MetadataMigrationHelper:203] [art-init            ] - No repositories found that correspond to the supported Metadata Migration types. Supported types are [Chef, Debian, Gems, Opkg, Alpine, Composer, Bower, Ivy, SBT, Pypi, Conda, Go, Npm, Helm, Vagrant, Puppet, YUM, Gradle, Docker, CRAN, Maven, CocoaPods, NuGet, Conan]
2020-11-20T18:03:57.441Z [1;32m[jfrt ][0;39m [34m[INFO ][0;39m [72a859ecd97ef926] [.s.MetadataMigrationHelper:213] [art-init            ] - Inserting completed migration status for 'metadata-service-migration'
2020-11-20T18:03:57.443Z [1;32m[jfrt ][0;39m [34m[INFO ][0;39m [72a859ecd97ef926] [ionStatusStorageServiceImpl:78] [art-init            ] - About to insert new migration status record 'MigrationStatus(identifier=metadata-service-migration, started=1605895437442, finished=1605895437442, migrationInfoBlob=MetadataMigrationInfoBlob(migrationTargetNodeId=0, currentEventLogTimestamp=0, reposToMigrate=null))'
2020-11-20T18:03:57.478Z [1;32m[jfrt ][0;39m [34m[INFO ][0;39m [72a859ecd97ef926] [.w.NodeEventTaskManagerImpl:43] [art-init            ] - Event management started on behalf of Event Operator with ID 'metadata-operator-events'
2020-11-20T18:03:57.489Z [1;32m[jfrt ][0;39m [34m[INFO ][0;39m [72a859ecd97ef926] [o.a.s.s.StorageServiceImpl:432] [art-init            ] - Scheduling CalculateReposStorageSummaryJob to run at '0 46 * ? * *'
2020-11-20T18:03:57.517Z [1;32m[jfrt ][0;39m [34m[INFO ][0;39m [72a859ecd97ef926] [ctoryContextConfigListener:266] [art-init            ] - Artifactory (jfrt) service initialization completed in 21.455 seconds. Listening on port: 8081
2020-11-20T18:04:04.709Z [33m[jffe ][39m [34m[INFO ][39m [                ] [                              ] [main                ] - artifactory was pinged successfully
2020-11-20T18:04:04.710Z [33m[jffe ][39m [34m[INFO ][39m [                ] [                              ] [main                ] - setting service id - jffe@000
2020-11-20T18:04:04.763Z [1;33m[jfac ][0;39m [34m[INFO ][0;39m [7384b4d8c486c9e3] [a.c.RefreshableScheduledJob:53] [27.0.0.1-8040-exec-3] - Scheduling federationCleanupService task to run every 1209600 seconds
2020-11-20T18:04:04.764Z [1;33m[jfac ][0;39m [34m[INFO ][0;39m [3a4956d073c94258] [.f.FederationCleanupService:59] [jf-access-task1     ] - Running clean up of outdated Federation events
2020-11-20T18:04:04.787Z [1;33m[jfac ][0;39m [34m[INFO ][0;39m [7384b4d8c486c9e3] [s.r.NodeRegistryServiceImpl:68] [27.0.0.1-8040-exec-3] - Cluster join: Successfully joined jffe@000 with node id c95907176e07
2020-11-20T18:04:04.793Z [33m[jffe ][39m [34m[INFO ][39m [                ] [                              ] [main                ] - Cluster join: Successfully joined the cluster
2020-11-20T18:04:04.833Z [36m[jfrou][0m [34m[INFO ][0m [                ] [server_configuration.go:61    ] [main                ] - Server configuration reloaded on :8082
2020-11-20T18:04:04.834Z [36m[jfrou][0m [34m[INFO ][0m [                ] [server_configuration.go:61    ] [main                ] - Server configuration reloaded on localhost:8046
2020-11-20T18:04:04.835Z [36m[jfrou][0m [34m[INFO ][0m [                ] [server_configuration.go:61    ] [main                ] - Server configuration reloaded on localhost:8049
2020-11-20T18:04:04.837Z [33m[jffe ][39m [34m[INFO ][39m [                ] [                              ] [main                ] - UI service successfully registered on router, serviceId: jffe@000
2020-11-20T18:04:05.352Z [33m[jffe ][39m [34m[INFO ][39m [                ] [                              ] [main                ] - Recurring tasks started
2020-11-20T18:04:06.079Z [33m[jffe ][39m [34m[INFO ][39m [                ] [                              ] [main                ] - frontend (jffe) service initialization completed in 70.51 seconds. Listening on port: port 8070
2020-11-20T18:04:14.118Z [1;32m[jfrt ][0;39m [34m[INFO ][0;39m [                ] [o.j.c.ConfigWrapperImpl:342   ] [pool-30-thread-1    ] - [Node ID: c95907176e07]  detected local  modify for config 'artifactory/config/security/access/access.admin.token'
2020-11-20T18:04:15.405Z [36m[jfrou][0m [34m[INFO ][0m [1253b3511838fa04] [local_topology.go:213         ] [main                ] -
###############################################################
###   All services started successfully in 83.998 seconds   ###
###############################################################
2020-11-20T18:04:15.414Z [36m[jfrou][0m [34m[INFO ][0m [                ] [server_configuration.go:61    ] [main                ] - Server configuration reloaded on localhost:8046
2020-11-20T18:04:15.414Z [36m[jfrou][0m [34m[INFO ][0m [                ] [server_configuration.go:61    ] [main                ] - Server configuration reloaded on localhost:8049
2020-11-20T18:04:15.414Z [36m[jfrou][0m [34m[INFO ][0m [                ] [server_configuration.go:61    ] [main                ] - Server configuration reloaded on :8082
2020-11-20T18:04:15.459Z [1;33m[jfac ][0;39m [34m[INFO ][0;39m [                ] [alConfigurationServiceBase:182] [c-default-executor-1] - Loading configuration from db finished successfully
2020-11-20T18:04:15.467Z [1;33m[jfac ][0;39m [34m[INFO ][0;39m [                ] [CertificateFileHandlerBase:187] [c-default-executor-1] - Loading root certificate from database.
2020-11-20T18:04:15.738Z [1;33m[jfac ][0;39m [34m[INFO ][0;39m [                ] [CertificateFileHandlerBase:342] [c-default-executor-1] - [ACCESS BOOTSTRAP] Saved new root certificate at: /opt/jfrog/artifactory/var/etc/access/keys/root.crt
2020-11-20T18:04:15.739Z [1;33m[jfac ][0;39m [34m[INFO ][0;39m [                ] [CertificateFileHandlerBase:196] [c-default-executor-1] - Finished loading root certificate from database.
2020-11-20T18:04:15.739Z [1;33m[jfac ][0;39m [34m[INFO ][0;39m [                ] [CertificateFileHandlerBase:187] [c-default-executor-1] - Loading ca certificate from database.
2020-11-20T18:04:15.807Z [1;33m[jfac ][0;39m [34m[INFO ][0;39m [                ] [CertificateFileHandlerBase:342] [c-default-executor-1] - [ACCESS BOOTSTRAP] Saved new ca certificate at: /opt/jfrog/artifactory/var/etc/access/keys/ca.crt
2020-11-20T18:04:15.808Z [1;33m[jfac ][0;39m [34m[INFO ][0;39m [                ] [CertificateFileHandlerBase:196] [c-default-executor-1] - Finished loading ca certificate from database.
2020-11-20T18:04:17.436Z [36m[jfrou][0m [34m[INFO ][0m [                ] [server_configuration.go:61    ] [main                ] - Server configuration reloaded on localhost:8049
2020-11-20T18:04:17.437Z [36m[jfrou][0m [34m[INFO ][0m [                ] [server_configuration.go:61    ] [main                ] - Server configuration reloaded on :8082
2020-11-20T18:04:17.437Z [36m[jfrou][0m [34m[INFO ][0m [                ] [server_configuration.go:61    ] [main                ] - Server configuration reloaded on localhost:8046
2020-11-20T18:04:27.221Z [1;32m[jfrt ][0;39m [34m[INFO ][0;39m [bd902ebb4785b071] [a.e.EventsLogCleanUpService:59] [art-exec-9          ] - Starting cleanup of old events from event log
2020-11-20T18:04:27.245Z [1;32m[jfrt ][0;39m [34m[INFO ][0;39m [bd902ebb4785b071] [a.e.EventsLogCleanUpService:81] [art-exec-9          ] - Cleanup of old events from event log finished
2020-11-20T18:14:57.487L [35m[tomct][0m [INFO ] [                ] [org.apache.catalina.core.StandardServer] [org.apache.catalina.core.StandardServer await] - A valid shutdown command was received via the shutdown port. Stopping the Server instance.
2020-11-20T18:14:57.488L [35m[tomct][0m [INFO ] [                ] [org.apache.coyote.http11.Http11NioProtocol] [org.apache.coyote.AbstractProtocol pause] - Pausing ProtocolHandler ["http-nio-8081"]
2020-11-20T18:14:57.489L [35m[tomct][0m [INFO ] [                ] [org.apache.coyote.http11.Http11NioProtocol] [org.apache.coyote.AbstractProtocol pause] - Pausing ProtocolHandler ["http-nio-127.0.0.1-8091"]
2020-11-20T18:14:57.496L [35m[tomct][0m [INFO ] [                ] [org.apache.coyote.http11.Http11NioProtocol] [org.apache.coyote.AbstractProtocol pause] - Pausing ProtocolHandler ["http-nio-127.0.0.1-8040"]
2020-11-20T18:14:57.502L [35m[tomct][0m [INFO ] [                ] [org.apache.catalina.core.StandardService] [org.apache.catalina.core.StandardService stopInternal] - Stopping service [Catalina]
2020-11-20T18:14:57.611Z [1;32m[jfrt ][0;39m [34m[INFO ][0;39m [                ] [ifactoryApplicationContext:558] [ocalhost-startStop-5] - Artifactory application context set to NOT READY by destroy
2020-11-20T18:14:57.649Z [1;32m[jfrt ][0;39m [34m[INFO ][0;39m [                ] [o.j.c.w.FileWatcher:218       ] [Thread-6            ] - Watch service ended on destroy
2020-11-20T18:14:57.653Z [1;32m[jfrt ][0;39m [34m[INFO ][0;39m [                ] [o.j.c.w.FileWatcher:225       ] [Thread-6            ] - End watch of folder configurations
2020-11-20T18:14:57.654Z [1;32m[jfrt ][0;39m [34m[INFO ][0;39m [                ] [ifactoryApplicationContext:375] [ocalhost-startStop-5] - Destroying 44 Artifactory Spring Beans
2020-11-20T18:14:57.657Z [1;32m[jfrt ][0;39m [34m[INFO ][0;39m [                ] [o.a.m.f.MetricsServiceImpl:226] [ocalhost-startStop-5] - Stopped metric service.
2020-11-20T18:14:57.659Z [1;32m[jfrt ][0;39m [34m[INFO ][0;39m [                ] [askServiceDescriptorHandler:44] [ocalhost-startStop-5] - Removing all job Indexer from task service handler.
2020-11-20T18:14:57.661Z [1;32m[jfrt ][0;39m [34m[INFO ][0;39m [                ] [askServiceDescriptorHandler:44] [ocalhost-startStop-5] - Removing all job Artifact Cleanup from task service handler.
2020-11-20T18:14:57.665Z [1;32m[jfrt ][0;39m [34m[INFO ][0;39m [                ] [askServiceDescriptorHandler:44] [ocalhost-startStop-5] - Removing all job Garbage Collector from task service handler.
2020-11-20T18:14:57.675Z [1;32m[jfrt ][0;39m [34m[INFO ][0;39m [                ] [.w.NodeEventTaskManagerImpl:59] [ocalhost-startStop-5] - Removing dispatcher thread for operator 'metadata-operator-events'
2020-11-20T18:14:57.677Z [1;32m[jfrt ][0;39m [34m[INFO ][0;39m [                ] [askServiceDescriptorHandler:44] [ocalhost-startStop-5] - Removing all job Backup from task service handler.
2020-11-20T18:14:57.832Z [1;32m[jfrt ][0;39m [34m[INFO ][0;39m [                ] [actorySchedulerFactoryBean:845] [ocalhost-startStop-5] - Shutting down Quartz Scheduler
2020-11-20T18:14:57.835Z [1;32m[jfrt ][0;39m [31m[WARN ][0;39m [                ] [c.z.h.u.DriverDataSource:70   ] [ocalhost-startStop-5] - Registered driver with driverClassName=org.apache.derby.jdbc.EmbeddedDriver was not found, trying direct instantiation.
2020-11-20T18:14:57.854Z [36m[jfrou][0m [34m[INFO ][0m [                ] [server_configuration.go:61    ] [main                ] - Server configuration reloaded on localhost:8049
2020-11-20T18:14:57.858Z [36m[jfrou][0m [34m[INFO ][0m [                ] [server_configuration.go:61    ] [main                ] - Server configuration reloaded on :8082
2020-11-20T18:14:57.859Z [36m[jfrou][0m [34m[INFO ][0m [                ] [server_configuration.go:61    ] [main                ] - Server configuration reloaded on localhost:8046
2020/11/20 18:14:59 httputil: ReverseProxy read error during body copy: stream error: stream ID 255; CANCEL
2020-11-20T18:14:59.808Z [34;1m[jfmd ][0m [31;1m[ERROR][0m [6a5917d916027f2c] [compatibility_logger.go:28    ] [main                ] - Refreshing permissions cache invalidation gRPC stream - got an error (status code: Internal) - resubscribe expected [access_client]
2020-11-20T18:14:59.822Z [34;1m[jfmd ][0m [31m[WARN ][0m [6a5917d916027f2c] [compatibility_logger.go:25    ] [main                ] - Refreshing permissions cache invalidation gRPC stream - target server is unavailable - if issue persists check communication with access [access_client]
2020-11-20T18:14:59.835Z [34;1m[jfmd ][0m [31m[WARN ][0m [6a5917d916027f2c] [compatibility_logger.go:25    ] [main                ] - Refreshing permissions cache invalidation gRPC stream - target server is unavailable - if issue persists check communication with access [access_client]
2020-11-20T18:14:59.846Z [36m[jfrou][0m [34m[INFO ][0m [                ] [server_configuration.go:61    ] [main                ] - Server configuration reloaded on localhost:8046
2020-11-20T18:14:59.846Z [36m[jfrou][0m [34m[INFO ][0m [                ] [server_configuration.go:61    ] [main                ] - Server configuration reloaded on localhost:8049
2020-11-20T18:14:59.846Z [36m[jfrou][0m [34m[INFO ][0m [                ] [server_configuration.go:61    ] [main                ] - Server configuration reloaded on :8082
2020-11-20T18:14:59.856Z [34;1m[jfmd ][0m [31;1m[ERROR][0m [6a5917d916027f2c] [compatibility_logger.go:28    ] [main                ] - Refreshing permissions cache invalidation gRPC stream - got an error (status code: Unimplemented) - resubscribe expected [access_client]
2020-11-20T18:14:59.892L [35m[tomct][0m [INFO ] [                ] [org.apache.coyote.http11.Http11NioProtocol] [org.apache.coyote.AbstractProtocol stop] - Stopping ProtocolHandler ["http-nio-8081"]
2020-11-20T18:14:59.898Z [34;1m[jfmd ][0m [31;1m[ERROR][0m [6a5917d916027f2c] [compatibility_logger.go:28    ] [main                ] - Refreshing permissions cache invalidation gRPC stream - got an error (status code: Unimplemented) - resubscribe expected [access_client]
2020-11-20T18:14:59.900L [35m[tomct][0m [INFO ] [                ] [org.apache.coyote.http11.Http11NioProtocol] [org.apache.coyote.AbstractProtocol stop] - Stopping ProtocolHandler ["http-nio-127.0.0.1-8091"]
2020-11-20T18:14:59.902L [35m[tomct][0m [INFO ] [                ] [org.apache.coyote.http11.Http11NioProtocol] [org.apache.coyote.AbstractProtocol stop] - Stopping ProtocolHandler ["http-nio-127.0.0.1-8040"]
2020-11-20T18:14:59.906L [35m[tomct][0m [INFO ] [                ] [org.apache.coyote.http11.Http11NioProtocol] [org.apache.coyote.AbstractProtocol destroy] - Destroying ProtocolHandler ["http-nio-8081"]
2020-11-20T18:14:59.908L [35m[tomct][0m [INFO ] [                ] [org.apache.coyote.http11.Http11NioProtocol] [org.apache.coyote.AbstractProtocol destroy] - Destroying ProtocolHandler ["http-nio-127.0.0.1-8091"]
2020-11-20T18:14:59.926L [35m[tomct][0m [INFO ] [                ] [org.apache.coyote.http11.Http11NioProtocol] [org.apache.coyote.AbstractProtocol destroy] - Destroying ProtocolHandler ["http-nio-127.0.0.1-8040"]
2020-11-20T18:14:59.927Z [36m[jfrou][0m [31;1m[ERROR][0m [a491b21bc8066a8 ] [external_topology.go:82       ] [main                ] - Failed fetching external topology from Access: Get "http://localhost:8040/access/api/v1/topology": read tcp 127.0.0.1:36252->127.0.0.1:8040: read: connection reset by peer
2020-11-20T18:14:59.979Z [34;1m[jfmd ][0m [31;1m[ERROR][0m [6a5917d916027f2c] [compatibility_logger.go:28    ] [main                ] - Refreshing permissions cache invalidation gRPC stream - got an error (status code: Unimplemented) - resubscribe expected [access_client]
2020-11-20T18:15:00.142Z [34;1m[jfmd ][0m [31;1m[ERROR][0m [6a5917d916027f2c] [compatibility_logger.go:28    ] [main                ] - Refreshing permissions cache invalidation gRPC stream - got an error (status code: Unimplemented) - resubscribe expected [access_client]
2020-11-20T18:15:00.464Z [34;1m[jfmd ][0m [31;1m[ERROR][0m [6a5917d916027f2c] [compatibility_logger.go:28    ] [main                ] - Refreshing permissions cache invalidation gRPC stream - got an error (status code: Unimplemented) - resubscribe expected [access_client]
Exception in thread "grpc-nio-boss-ELG-3-1" java.lang.NoClassDefFoundError: ch/qos/logback/classic/spi/ThrowableProxy
at ch.qos.logback.classic.spi.LoggingEvent.<init>(LoggingEvent.java:119)
at ch.qos.logback.classic.Logger.buildLoggingEventAndAppend(Logger.java:419)
at ch.qos.logback.classic.Logger.filterAndLog_0_Or3Plus(Logger.java:383)
at ch.qos.logback.classic.Logger.log(Logger.java:765)
at io.netty.util.internal.logging.LocationAwareSlf4JLogger.log(LocationAwareSlf4JLogger.java:46)
at io.netty.util.internal.logging.LocationAwareSlf4JLogger.error(LocationAwareSlf4JLogger.java:249)
at io.netty.util.concurrent.DefaultPromise.safeExecute(DefaultPromise.java:843)
at io.netty.util.concurrent.DefaultPromise.notifyListeners(DefaultPromise.java:498)
at io.netty.util.concurrent.DefaultPromise.setValue0(DefaultPromise.java:615)
at io.netty.util.concurrent.DefaultPromise.setSuccess0(DefaultPromise.java:604)
at io.netty.util.concurrent.DefaultPromise.setSuccess(DefaultPromise.java:96)
at io.netty.util.concurrent.SingleThreadEventExecutor$4.run(SingleThreadEventExecutor.java:1051)
at io.netty.util.internal.ThreadExecutorMap$2.run(ThreadExecutorMap.java:74)
at io.netty.util.concurrent.FastThreadLocalRunnable.run(FastThreadLocalRunnable.java:30)
at java.base/java.lang.Thread.run(Thread.java:834)
Caused by: java.lang.ClassNotFoundException: Illegal access: this web application instance has been stopped already. Could not load [ch.qos.logback.classic.spi.ThrowableProxy]. The following stack trace is thrown for debugging purposes as well as to attempt to terminate the thread which caused the illegal access.
at org.apache.catalina.loader.WebappClassLoaderBase.checkStateForClassLoading(WebappClassLoaderBase.java:1368)
at org.apache.catalina.loader.WebappClassLoaderBase.loadClass(WebappClassLoaderBase.java:1218)
at org.apache.catalina.loader.WebappClassLoaderBase.loadClass(WebappClassLoaderBase.java:1180)
... 15 more
Caused by: java.lang.IllegalStateException: Illegal access: this web application instance has been stopped already. Could not load [ch.qos.logback.classic.spi.ThrowableProxy]. The following stack trace is thrown for debugging purposes as well as to attempt to terminate the thread which caused the illegal access.
at org.apache.catalina.loader.WebappClassLoaderBase.checkStateForResourceLoading(WebappClassLoaderBase.java:1378)
at org.apache.catalina.loader.WebappClassLoaderBase.checkStateForClassLoading(WebappClassLoaderBase.java:1366)
... 17 more
Exception in thread "grpc-nio-worker-ELG-1-1" java.lang.NoClassDefFoundError: io/netty/buffer/PoolArena$1
at io.netty.buffer.PoolArena.freeChunk(PoolArena.java:296)
at io.netty.buffer.PoolThreadCache$MemoryRegionCache.freeEntry(PoolThreadCache.java:465)
at io.netty.buffer.PoolThreadCache$MemoryRegionCache.free(PoolThreadCache.java:431)
at io.netty.buffer.PoolThreadCache$MemoryRegionCache.free(PoolThreadCache.java:423)
at io.netty.buffer.PoolThreadCache.free(PoolThreadCache.java:280)
at io.netty.buffer.PoolThreadCache.free(PoolThreadCache.java:271)
at io.netty.buffer.PoolThreadCache.free(PoolThreadCache.java:242)
at io.netty.buffer.PooledByteBufAllocator$PoolThreadLocalCache.onRemoval(PooledByteBufAllocator.java:491)
at io.netty.buffer.PooledByteBufAllocator$PoolThreadLocalCache.onRemoval(PooledByteBufAllocator.java:458)
at io.netty.util.concurrent.FastThreadLocal.remove(FastThreadLocal.java:256)
at io.netty.util.concurrent.FastThreadLocal.removeAll(FastThreadLocal.java:67)
at io.netty.util.concurrent.SingleThreadEventExecutor$4.run(SingleThreadEventExecutor.java:1042)
at io.netty.util.internal.ThreadExecutorMap$2.run(ThreadExecutorMap.java:74)
at io.netty.util.concurrent.FastThreadLocalRunnable.run(FastThreadLocalRunnable.java:30)
at java.base/java.lang.Thread.run(Thread.java:834)
Caused by: java.lang.ClassNotFoundException: Illegal access: this web application instance has been stopped already. Could not load [io.netty.buffer.PoolArena$1]. The following stack trace is thrown for debugging purposes as well as to attempt to terminate the thread which caused the illegal access.
at org.apache.catalina.loader.WebappClassLoaderBase.checkStateForClassLoading(WebappClassLoaderBase.java:1368)
at org.apache.catalina.loader.WebappClassLoaderBase.loadClass(WebappClassLoaderBase.java:1218)
Exception in thread "grpc-nio-worker-ELG-1-2" 	at org.apache.catalina.loader.WebappClassLoaderBase.loadClass(WebappClassLoaderBase.java:1180)
... 15 more
Caused by: java.lang.IllegalStateException: Illegal access: this web application instance has been stopped already. Could not load [io.netty.buffer.PoolArena$1]. The following stack trace is thrown for debugging purposes as well as to attempt to terminate the thread which caused the illegal access.
at org.apache.catalina.loader.WebappClassLoaderBase.checkStateForResourceLoading(WebappClassLoaderBase.java:1378)
at org.apache.catalina.loader.WebappClassLoaderBase.checkStateForClassLoading(WebappClassLoaderBase.java:1366)
... 17 more
java.lang.NoClassDefFoundError: io/netty/buffer/PoolArena$1
at io.netty.buffer.PoolArena.freeChunk(PoolArena.java:296)
at io.netty.buffer.PoolThreadCache$MemoryRegionCache.freeEntry(PoolThreadCache.java:465)
at io.netty.buffer.PoolThreadCache$MemoryRegionCache.free(PoolThreadCache.java:431)
at io.netty.buffer.PoolThreadCache$MemoryRegionCache.free(PoolThreadCache.java:423)
at io.netty.buffer.PoolThreadCache.free(PoolThreadCache.java:280)
at io.netty.buffer.PoolThreadCache.free(PoolThreadCache.java:271)
at io.netty.buffer.PoolThreadCache.free(PoolThreadCache.java:242)
at io.netty.buffer.PooledByteBufAllocator$PoolThreadLocalCache.onRemoval(PooledByteBufAllocator.java:491)
at io.netty.buffer.PooledByteBufAllocator$PoolThreadLocalCache.onRemoval(PooledByteBufAllocator.java:458)
at io.netty.util.concurrent.FastThreadLocal.remove(FastThreadLocal.java:256)
at io.netty.util.concurrent.FastThreadLocal.removeAll(FastThreadLocal.java:67)
at io.netty.util.concurrent.SingleThreadEventExecutor$4.run(SingleThreadEventExecutor.java:1042)
at io.netty.util.internal.ThreadExecutorMap$2.run(ThreadExecutorMap.java:74)
at io.netty.util.concurrent.FastThreadLocalRunnable.run(FastThreadLocalRunnable.java:30)
at java.base/java.lang.Thread.run(Thread.java:834)
2020-11-20T18:15:01.106Z [34;1m[jfmd ][0m [31;1m[ERROR][0m [6a5917d916027f2c] [compatibility_logger.go:28    ] [main                ] - Refreshing permissions cache invalidation gRPC stream - got an error (status code: Unimplemented) - resubscribe expected [access_client]
2020-11-20T18:15:01.846Z [36m[jfrou][0m [34m[INFO ][0m [                ] [server_configuration.go:61    ] [main                ] - Server configuration reloaded on localhost:8046
2020-11-20T18:15:01.846Z [36m[jfrou][0m [34m[INFO ][0m [                ] [server_configuration.go:61    ] [main                ] - Server configuration reloaded on localhost:8049
2020-11-20T18:15:01.846Z [36m[jfrou][0m [34m[INFO ][0m [                ] [server_configuration.go:61    ] [main                ] - Server configuration reloaded on :8082
2020-11-20T18:15:02.387Z [34;1m[jfmd ][0m [31;1m[ERROR][0m [6a5917d916027f2c] [compatibility_logger.go:28    ] [main                ] - Refreshing permissions cache invalidation gRPC stream - got an error (status code: Unimplemented) - resubscribe expected [access_client]
2020-11-20T18:15:02.785Z [36m[jfrou][0m [31;1m[ERROR][0m [6756d6cc4bedc9e1] [external_topology.go:82       ] [main                ] - Failed fetching external topology from Access: Get "http://localhost:8040/access/api/v1/topology": dial tcp 127.0.0.1:8040: connect: connection refused
