2020-11-20T18:02:55.575Z [33m[jffe ][39m [34m[INFO ][39m [                ] [                              ] [main                ] - frontend (jffe) service initialization started. Version: 1.10.2 Revision: 10000002 PID: 4247 Home: /opt/jfrog/artifactory
2020-11-20T18:02:55.578Z [33m[jffe ][39m [34m[INFO ][39m [                ] [                              ] [main                ] - attempting pinging artifactory for 180 retires and 1.0s interval for total of 3 minutes
2020-11-20T18:03:04.815Z [33m[jffe ][39m [34m[INFO ][39m [                ] [                              ] [main                ] - pinging artifactory, attempt number 10
2020-11-20T18:03:04.821Z [33m[jffe ][39m [34m[INFO ][39m [                ] [                              ] [main                ] - pinging artifactory attempt number 10 failed with code : ECONNREFUSED
2020-11-20T18:03:14.920Z [33m[jffe ][39m [34m[INFO ][39m [                ] [                              ] [main                ] - pinging artifactory, attempt number 20
2020-11-20T18:03:14.924Z [33m[jffe ][39m [34m[INFO ][39m [                ] [                              ] [main                ] - pinging artifactory attempt number 20 failed with code : ECONNREFUSED
2020-11-20T18:03:25.007Z [33m[jffe ][39m [34m[INFO ][39m [                ] [                              ] [main                ] - pinging artifactory, attempt number 30
2020-11-20T18:03:25.011Z [33m[jffe ][39m [34m[INFO ][39m [                ] [                              ] [main                ] - pinging artifactory attempt number 30 failed with code : ECONNREFUSED
2020-11-20T18:03:35.117Z [33m[jffe ][39m [34m[INFO ][39m [                ] [                              ] [main                ] - pinging artifactory, attempt number 40
2020-11-20T18:03:35.126Z [33m[jffe ][39m [34m[INFO ][39m [                ] [                              ] [main                ] - pinging artifactory attempt number 40 failed with code : ECONNREFUSED
2020-11-20T18:03:45.188Z [33m[jffe ][39m [34m[INFO ][39m [                ] [                              ] [main                ] - pinging artifactory, attempt number 50
2020-11-20T18:03:45.191Z [33m[jffe ][39m [34m[INFO ][39m [                ] [                              ] [main                ] - pinging artifactory attempt number 50 failed with code : ECONNREFUSED
2020-11-20T18:03:55.236Z [33m[jffe ][39m [34m[INFO ][39m [                ] [                              ] [main                ] - pinging artifactory, attempt number 60
2020-11-20T18:03:55.239Z [33m[jffe ][39m [34m[INFO ][39m [                ] [                              ] [main                ] - pinging artifactory attempt number 60 failed with code : undefined
2020-11-20T18:04:04.709Z [33m[jffe ][39m [34m[INFO ][39m [                ] [                              ] [main                ] - artifactory was pinged successfully
2020-11-20T18:04:04.710Z [33m[jffe ][39m [34m[INFO ][39m [                ] [                              ] [main                ] - setting service id - jffe@000
2020-11-20T18:04:04.793Z [33m[jffe ][39m [34m[INFO ][39m [                ] [                              ] [main                ] - Cluster join: Successfully joined the cluster
2020-11-20T18:04:04.837Z [33m[jffe ][39m [34m[INFO ][39m [                ] [                              ] [main                ] - UI service successfully registered on router, serviceId: jffe@000
2020-11-20T18:04:05.352Z [33m[jffe ][39m [34m[INFO ][39m [                ] [                              ] [main                ] - Recurring tasks started
2020-11-20T18:04:06.079Z [33m[jffe ][39m [34m[INFO ][39m [                ] [                              ] [main                ] - frontend (jffe) service initialization completed in 70.51 seconds. Listening on port: port 8070
